#
# There is insufficient memory for the Java Runtime Environment to continue.
# Native memory allocation (malloc) failed to allocate 1079776 bytes for Chunk::new
# Possible reasons:
#   The system is out of physical RAM or swap space
#   The process is running with CompressedOops enabled, and the Java Heap may be blocking the growth of the native heap
# Possible solutions:
#   Reduce memory load on the system
#   Increase physical memory or swap space
#   Check if swap backing store is full
#   Decrease Java heap size (-Xmx/-Xms)
#   Decrease number of Java threads
#   Decrease Java thread stack sizes (-Xss)
#   Set larger code cache with -XX:ReservedCodeCacheSize=
#   JVM is running with Unscaled Compressed Oops mode in which the Java heap is
#     placed in the first 4GB address space. The Java Heap base address is the
#     maximum limit for the native heap growth. Please use -XX:HeapBaseMinAddress
#     to set the Java Heap base and to place the Java Heap above 4GB virtual address.
# This output file may be truncated or incomplete.
#
#  Out of Memory Error (allocation.cpp:389), pid=12644, tid=0x0000000000000884
#
# JRE version: OpenJDK Runtime Environment (8.0_242-b01) (build 1.8.0_242-release-1644-b01)
# Java VM: OpenJDK 64-Bit Server VM (25.242-b01 mixed mode windows-amd64 compressed oops)
# Failed to write core dump. Minidumps are not enabled by default on client versions of Windows
#

---------------  T H R E A D  ---------------

Current thread (0x000000001777a000):  JavaThread "C2 CompilerThread0" daemon [_thread_in_native, id=2180, stack(0x0000000018df0000,0x0000000018ef0000)]

Stack: [0x0000000018df0000,0x0000000018ef0000]
[error occurred during error reporting (printing stack bounds), id 0xc0000005]

Native frames: (J=compiled Java code, j=interpreted, Vv=VM code, C=native code)


Current CompileTask:
C2:  62374 12236 %     4       com.android.tools.r8.ir.regalloc.a::a @ 681 (1759 bytes)


---------------  P R O C E S S  ---------------

Java Threads: ( => current thread )
  0x000000001a324000 JavaThread "Cache worker for Java compile cache (C:\Users\DIMA\AndroidStudioProjects\OldPeopleHelp\.gradle\6.1.1\javaCompile)" [_thread_blocked, id=17744, stack(0x0000000025460000,0x0000000025560000)]
  0x000000001ad49800 JavaThread "Cache worker for Java compile cache (C:\Users\DIMA\.gradle\caches\6.1.1\javaCompile)" [_thread_blocked, id=14448, stack(0x0000000025360000,0x0000000025460000)]
  0x000000001ad47000 JavaThread "Cache worker for execution history cache (C:\Users\DIMA\AndroidStudioProjects\OldPeopleHelp\.gradle\6.1.1\executionHistory)" [_thread_blocked, id=6268, stack(0x0000000025060000,0x0000000025160000)]
  0x000000001ad48800 JavaThread "Execution worker for ':' Thread 3" [_thread_in_Java, id=8468, stack(0x0000000024d60000,0x0000000024e60000)]
  0x000000001ad3e000 JavaThread "Execution worker for ':' Thread 2" [_thread_in_Java, id=2404, stack(0x0000000024c60000,0x0000000024d60000)]
  0x000000001ad45000 JavaThread "Execution worker for ':'" [_thread_in_Java, id=12072, stack(0x0000000024b60000,0x0000000024c60000)]
  0x000000001ad44000 JavaThread "Cache worker for file content cache (C:\Users\DIMA\AndroidStudioProjects\OldPeopleHelp\.gradle\6.1.1\fileContent)" [_thread_blocked, id=6096, stack(0x0000000024660000,0x0000000024760000)]
  0x000000001ad43800 JavaThread "Cache worker for file content cache (C:\Users\DIMA\.gradle\caches\6.1.1\fileContent)" [_thread_blocked, id=2168, stack(0x0000000024450000,0x0000000024550000)]
  0x000000001ad42800 JavaThread "Memory manager" [_thread_blocked, id=19336, stack(0x0000000024560000,0x0000000024660000)]
  0x000000001ad3b000 JavaThread "Cache worker for Build Output Cleanup Cache (C:\Users\DIMA\AndroidStudioProjects\OldPeopleHelp\.gradle\buildOutputCleanup)" [_thread_blocked, id=12252, stack(0x0000000023950000,0x0000000023a50000)]
  0x000000001ad40800 JavaThread "Build operations Thread 4" [_thread_blocked, id=17632, stack(0x00000000231a0000,0x00000000232a0000)]
  0x000000001ad3c800 JavaThread "Build operations Thread 3" [_thread_blocked, id=13872, stack(0x0000000022e10000,0x0000000022f10000)]
  0x000000001ad3f800 JavaThread "Build operations Thread 2" [_thread_blocked, id=4652, stack(0x0000000022d10000,0x0000000022e10000)]
  0x000000001ad41000 JavaThread "Build operations" [_thread_blocked, id=23972, stack(0x0000000022c10000,0x0000000022d10000)]
  0x000000001934b800 JavaThread "Cache worker for execution history cache (C:\Users\DIMA\.gradle\caches\6.1.1\executionHistory)" [_thread_blocked, id=12264, stack(0x0000000021140000,0x0000000021240000)]
  0x0000000019349800 JavaThread "Cache worker for cache directory md-rule (C:\Users\DIMA\.gradle\caches\6.1.1\md-rule)" [_thread_blocked, id=6308, stack(0x0000000021040000,0x0000000021140000)]
  0x000000001934d000 JavaThread "Cache worker for cache directory md-supplier (C:\Users\DIMA\.gradle\caches\6.1.1\md-supplier)" [_thread_blocked, id=13328, stack(0x000000001ff00000,0x0000000020000000)]
  0x000000001934b000 JavaThread "Cache worker for file hash cache (C:\Users\DIMA\AndroidStudioProjects\OldPeopleHelp\.gradle\6.1.1\fileHashes)" [_thread_blocked, id=10764, stack(0x000000001fa00000,0x000000001fb00000)]
  0x000000001934e800 JavaThread "Cache worker for checksums cache (C:\Users\DIMA\AndroidStudioProjects\OldPeopleHelp\.gradle\checksums)" [_thread_blocked, id=4156, stack(0x000000001f900000,0x000000001fa00000)]
  0x000000001934c800 JavaThread "Cache worker for file hash cache (C:\Users\DIMA\.gradle\caches\6.1.1\fileHashes)" [_thread_blocked, id=8472, stack(0x000000001d560000,0x000000001d660000)]
  0x000000001934e000 JavaThread "File lock request listener" [_thread_in_native, id=11288, stack(0x000000001d460000,0x000000001d560000)]
  0x000000001ab88000 JavaThread "Cache worker for journal cache (C:\Users\DIMA\.gradle\caches\journal-1)" [_thread_blocked, id=10980, stack(0x000000001d360000,0x000000001d460000)]
  0x0000000019df4000 JavaThread "Thread-9" [_thread_blocked, id=9944, stack(0x000000001c090000,0x000000001c190000)]
  0x0000000019469000 JavaThread "Stdin handler" [_thread_blocked, id=12404, stack(0x000000001bf90000,0x000000001c090000)]
  0x000000001a8ca800 JavaThread "Asynchronous log dispatcher for DefaultDaemonConnection: socket connection from /127.0.0.1:57672 to /127.0.0.1:57673" [_thread_blocked, id=4828, stack(0x000000001be90000,0x000000001bf90000)]
  0x0000000019465800 JavaThread "Daemon worker" [_thread_in_Java, id=11680, stack(0x000000001bd90000,0x000000001be90000)]
  0x0000000019ed0000 JavaThread "Cancel handler" [_thread_blocked, id=12000, stack(0x000000001bc90000,0x000000001bd90000)]
  0x0000000019f14000 JavaThread "Handler for socket connection from /127.0.0.1:57672 to /127.0.0.1:57673" [_thread_in_native, id=18836, stack(0x000000001b990000,0x000000001ba90000)]
  0x0000000019f0e000 JavaThread "Daemon" [_thread_blocked, id=1952, stack(0x000000001b890000,0x000000001b990000)]
  0x000000001a00a800 JavaThread "Daemon periodic checks" [_thread_blocked, id=20004, stack(0x000000001b790000,0x000000001b890000)]
  0x000000001a488800 JavaThread "Incoming local TCP Connector on port 57672" [_thread_in_native, id=21600, stack(0x00000000197f0000,0x00000000198f0000)]
  0x000000001a522800 JavaThread "Daemon health stats" [_thread_blocked, id=21956, stack(0x00000000196f0000,0x00000000197f0000)]
  0x000000001911a800 JavaThread "Service Thread" daemon [_thread_blocked, id=21768, stack(0x00000000194f0000,0x00000000195f0000)]
  0x0000000017789000 JavaThread "C1 CompilerThread2" daemon [_thread_blocked, id=18600, stack(0x0000000018ff0000,0x00000000190f0000)]
  0x0000000017782000 JavaThread "C2 CompilerThread1" daemon [_thread_in_native, id=17500, stack(0x0000000018ef0000,0x0000000018ff0000)]
=>0x000000001777a000 JavaThread "C2 CompilerThread0" daemon [_thread_in_native, id=2180, stack(0x0000000018df0000,0x0000000018ef0000)]
  0x0000000017776000 JavaThread "Attach Listener" daemon [_thread_blocked, id=23792, stack(0x0000000018cf0000,0x0000000018df0000)]
  0x0000000017773800 JavaThread "Signal Dispatcher" daemon [_thread_blocked, id=18764, stack(0x0000000018bf0000,0x0000000018cf0000)]
  0x0000000002b4b800 JavaThread "Finalizer" daemon [_thread_blocked, id=21692, stack(0x00000000189f0000,0x0000000018af0000)]
  0x0000000017759000 JavaThread "Reference Handler" daemon [_thread_blocked, id=16260, stack(0x00000000188f0000,0x00000000189f0000)]
  0x000000000288e000 JavaThread "main" [_thread_blocked, id=11960, stack(0x0000000002950000,0x0000000002a50000)]

Other Threads:
  0x0000000017735800 VMThread [stack: 0x00000000187f0000,0x00000000188f0000] [id=20892]
  0x000000001911b000 WatcherThread [stack: 0x00000000195f0000,0x00000000196f0000] [id=19972]

VM state:not at safepoint (normal execution)

VM Mutex/Monitor currently owned by a thread: None

heap address: 0x0000000080000000, size: 2048 MB, Compressed Oops mode: 32-bit
Narrow klass base: 0x0000000000000000, Narrow klass shift: 3
Compressed class space size: 1073741824 Address: 0x0000000100000000

Heap:
 PSYoungGen      total 362496K, used 139727K [0x00000000d5580000, 0x00000000edf00000, 0x0000000100000000)
  eden space 325120K, 34% used [0x00000000d5580000,0x00000000dc39a570,0x00000000e9300000)
  from space 37376K, 72% used [0x00000000e9300000,0x00000000ead59930,0x00000000eb780000)
  to   space 36352K, 0% used [0x00000000eb780000,0x00000000eb780000,0x00000000edb00000)
 ParOldGen       total 165376K, used 98986K [0x0000000080000000, 0x000000008a180000, 0x00000000d5580000)
  object space 165376K, 59% used [0x0000000080000000,0x00000000860aa8f0,0x000000008a180000)
 Metaspace       used 77676K, capacity 81508K, committed 81712K, reserved 1120256K
  class space    used 10496K, capacity 11255K, committed 11312K, reserved 1048576K

Card table byte_map: [0x0000000011f10000,0x0000000012320000] byte_map_base: 0x0000000011b10000

Marking Bits: (ParMarkBitMap*) 0x000000006442f030
 Begin Bits: [0x00000000129d0000, 0x00000000149d0000)
 End Bits:   [0x00000000149d0000, 0x00000000169d0000)

Polling page: 0x0000000000b40000

CodeCache: size=245760Kb used=41241Kb max_used=41241Kb free=204518Kb
 bounds [0x0000000002b50000, 0x00000000053c0000, 0x0000000011b50000]
 total_blobs=12674 nmethods=11845 adapters=741
 compilation: enabled

Compilation events (10 events):
Event: 62.201 Thread 0x0000000017789000 13635       2       com.android.tools.r8.ir.analysis.type.a::<init> (50 bytes)
Event: 62.202 Thread 0x0000000017789000 nmethod 13635 0x00000000053b3fd0 code [0x00000000053b4120, 0x00000000053b42b0]
Event: 62.220 Thread 0x0000000017789000 13636       2       org.gradle.execution.plan.DefaultExecutionPlan::selectNext (232 bytes)
Event: 62.224 Thread 0x0000000017789000 nmethod 13636 0x00000000053b4350 code [0x00000000053b4640, 0x00000000053b5238]
Event: 62.348 Thread 0x0000000017789000 13637 %     3       com.android.tools.r8.u.b.h0::J0 @ 10 (38 bytes)
Event: 62.349 Thread 0x0000000017789000 nmethod 13637% 0x00000000053b5f50 code [0x00000000053b6120, 0x00000000053b6928]
Event: 62.349 Thread 0x0000000017789000 13638       3       com.android.tools.r8.u.b.h0::J0 (38 bytes)
Event: 62.350 Thread 0x0000000017789000 nmethod 13638 0x00000000053b6b50 code [0x00000000053b6d20, 0x00000000053b7508]
Event: 62.357 Thread 0x0000000017789000 13639 %     3       com.android.tools.r8.ir.conversion.L::a @ 112 (314 bytes)
Event: 62.363 Thread 0x0000000017789000 nmethod 13639% 0x00000000053b7710 code [0x00000000053b7ba0, 0x00000000053ba708]

GC Heap History (10 events):
Event: 52.283 GC heap before
{Heap before GC invocations=27 (full 4):
 PSYoungGen      total 287744K, used 267216K [0x00000000d5580000, 0x00000000e9600000, 0x0000000100000000)
  eden space 251392K, 100% used [0x00000000d5580000,0x00000000e4b00000,0x00000000e4b00000)
  from space 36352K, 43% used [0x00000000e7280000,0x00000000e81f4020,0x00000000e9600000)
  to   space 38400K, 0% used [0x00000000e4b00000,0x00000000e4b00000,0x00000000e7080000)
 ParOldGen       total 165376K, used 98962K [0x0000000080000000, 0x000000008a180000, 0x00000000d5580000)
  object space 165376K, 59% used [0x0000000080000000,0x00000000860a48f0,0x000000008a180000)
 Metaspace       used 76166K, capacity 79698K, committed 80048K, reserved 1118208K
  class space    used 10331K, capacity 11074K, committed 11184K, reserved 1048576K
Event: 52.342 GC heap after
Heap after GC invocations=27 (full 4):
 PSYoungGen      total 289792K, used 15664K [0x00000000d5580000, 0x00000000eb400000, 0x0000000100000000)
  eden space 251392K, 0% used [0x00000000d5580000,0x00000000d5580000,0x00000000e4b00000)
  from space 38400K, 40% used [0x00000000e4b00000,0x00000000e5a4c020,0x00000000e7080000)
  to   space 36352K, 0% used [0x00000000e9080000,0x00000000e9080000,0x00000000eb400000)
 ParOldGen       total 165376K, used 98962K [0x0000000080000000, 0x000000008a180000, 0x00000000d5580000)
  object space 165376K, 59% used [0x0000000080000000,0x00000000860a48f0,0x000000008a180000)
 Metaspace       used 76166K, capacity 79698K, committed 80048K, reserved 1118208K
  class space    used 10331K, capacity 11074K, committed 11184K, reserved 1048576K
}
Event: 53.855 GC heap before
{Heap before GC invocations=28 (full 4):
 PSYoungGen      total 289792K, used 267056K [0x00000000d5580000, 0x00000000eb400000, 0x0000000100000000)
  eden space 251392K, 100% used [0x00000000d5580000,0x00000000e4b00000,0x00000000e4b00000)
  from space 38400K, 40% used [0x00000000e4b00000,0x00000000e5a4c020,0x00000000e7080000)
  to   space 36352K, 0% used [0x00000000e9080000,0x00000000e9080000,0x00000000eb400000)
 ParOldGen       total 165376K, used 98962K [0x0000000080000000, 0x000000008a180000, 0x00000000d5580000)
  object space 165376K, 59% used [0x0000000080000000,0x00000000860a48f0,0x000000008a180000)
 Metaspace       used 76250K, capacity 79774K, committed 80048K, reserved 1118208K
  class space    used 10345K, capacity 11076K, committed 11184K, reserved 1048576K
Event: 53.960 GC heap after
Heap after GC invocations=28 (full 4):
 PSYoungGen      total 323584K, used 18000K [0x00000000d5580000, 0x00000000eba00000, 0x0000000100000000)
  eden space 287232K, 0% used [0x00000000d5580000,0x00000000d5580000,0x00000000e6e00000)
  from space 36352K, 49% used [0x00000000e9080000,0x00000000ea214030,0x00000000eb400000)
  to   space 35328K, 0% used [0x00000000e6e00000,0x00000000e6e00000,0x00000000e9080000)
 ParOldGen       total 165376K, used 98970K [0x0000000080000000, 0x000000008a180000, 0x00000000d5580000)
  object space 165376K, 59% used [0x0000000080000000,0x00000000860a68f0,0x000000008a180000)
 Metaspace       used 76250K, capacity 79774K, committed 80048K, reserved 1118208K
  class space    used 10345K, capacity 11076K, committed 11184K, reserved 1048576K
}
Event: 55.991 GC heap before
{Heap before GC invocations=29 (full 4):
 PSYoungGen      total 323584K, used 305232K [0x00000000d5580000, 0x00000000eba00000, 0x0000000100000000)
  eden space 287232K, 100% used [0x00000000d5580000,0x00000000e6e00000,0x00000000e6e00000)
  from space 36352K, 49% used [0x00000000e9080000,0x00000000ea214030,0x00000000eb400000)
  to   space 35328K, 0% used [0x00000000e6e00000,0x00000000e6e00000,0x00000000e9080000)
 ParOldGen       total 165376K, used 98970K [0x0000000080000000, 0x000000008a180000, 0x00000000d5580000)
  object space 165376K, 59% used [0x0000000080000000,0x00000000860a68f0,0x000000008a180000)
 Metaspace       used 77319K, capacity 81078K, committed 81200K, reserved 1120256K
  class space    used 10468K, capacity 11210K, committed 11312K, reserved 1048576K
Event: 56.093 GC heap after
Heap after GC invocations=29 (full 4):
 PSYoungGen      total 322560K, used 23595K [0x00000000d5580000, 0x00000000edb00000, 0x0000000100000000)
  eden space 287232K, 0% used [0x00000000d5580000,0x00000000d5580000,0x00000000e6e00000)
  from space 35328K, 66% used [0x00000000e6e00000,0x00000000e850ac20,0x00000000e9080000)
  to   space 36352K, 0% used [0x00000000eb780000,0x00000000eb780000,0x00000000edb00000)
 ParOldGen       total 165376K, used 98970K [0x0000000080000000, 0x000000008a180000, 0x00000000d5580000)
  object space 165376K, 59% used [0x0000000080000000,0x00000000860a68f0,0x000000008a180000)
 Metaspace       used 77319K, capacity 81078K, committed 81200K, reserved 1120256K
  class space    used 10468K, capacity 11210K, committed 11312K, reserved 1048576K
}
Event: 58.209 GC heap before
{Heap before GC invocations=30 (full 4):
 PSYoungGen      total 322560K, used 310827K [0x00000000d5580000, 0x00000000edb00000, 0x0000000100000000)
  eden space 287232K, 100% used [0x00000000d5580000,0x00000000e6e00000,0x00000000e6e00000)
  from space 35328K, 66% used [0x00000000e6e00000,0x00000000e850ac20,0x00000000e9080000)
  to   space 36352K, 0% used [0x00000000eb780000,0x00000000eb780000,0x00000000edb00000)
 ParOldGen       total 165376K, used 98970K [0x0000000080000000, 0x000000008a180000, 0x00000000d5580000)
  object space 165376K, 59% used [0x0000000080000000,0x00000000860a68f0,0x000000008a180000)
 Metaspace       used 77488K, capacity 81270K, committed 81456K, reserved 1120256K
  class space    used 10493K, capacity 11222K, committed 11312K, reserved 1048576K
Event: 58.335 GC heap after
Heap after GC invocations=30 (full 4):
 PSYoungGen      total 361472K, used 23182K [0x00000000d5580000, 0x00000000edf00000, 0x0000000100000000)
  eden space 325120K, 0% used [0x00000000d5580000,0x00000000d5580000,0x00000000e9300000)
  from space 36352K, 63% used [0x00000000eb780000,0x00000000ece239f0,0x00000000edb00000)
  to   space 37376K, 0% used [0x00000000e9300000,0x00000000e9300000,0x00000000eb780000)
 ParOldGen       total 165376K, used 98978K [0x0000000080000000, 0x000000008a180000, 0x00000000d5580000)
  object space 165376K, 59% used [0x0000000080000000,0x00000000860a88f0,0x000000008a180000)
 Metaspace       used 77488K, capacity 81270K, committed 81456K, reserved 1120256K
  class space    used 10493K, capacity 11222K, committed 11312K, reserved 1048576K
}
Event: 61.238 GC heap before
{Heap before GC invocations=31 (full 4):
 PSYoungGen      total 361472K, used 348302K [0x00000000d5580000, 0x00000000edf00000, 0x0000000100000000)
  eden space 325120K, 100% used [0x00000000d5580000,0x00000000e9300000,0x00000000e9300000)
  from space 36352K, 63% used [0x00000000eb780000,0x00000000ece239f0,0x00000000edb00000)
  to   space 37376K, 0% used [0x00000000e9300000,0x00000000e9300000,0x00000000eb780000)
 ParOldGen       total 165376K, used 98978K [0x0000000080000000, 0x000000008a180000, 0x00000000d5580000)
  object space 165376K, 59% used [0x0000000080000000,0x00000000860a88f0,0x000000008a180000)
 Metaspace       used 77616K, capacity 81440K, committed 81712K, reserved 1120256K
  class space    used 10496K, capacity 11255K, committed 11312K, reserved 1048576K
Event: 61.358 GC heap after
Heap after GC invocations=31 (full 4):
 PSYoungGen      total 362496K, used 26982K [0x00000000d5580000, 0x00000000edf00000, 0x0000000100000000)
  eden space 325120K, 0% used [0x00000000d5580000,0x00000000d5580000,0x00000000e9300000)
  from space 37376K, 72% used [0x00000000e9300000,0x00000000ead59930,0x00000000eb780000)
  to   space 36352K, 0% used [0x00000000eb780000,0x00000000eb780000,0x00000000edb00000)
 ParOldGen       total 165376K, used 98986K [0x0000000080000000, 0x000000008a180000, 0x00000000d5580000)
  object space 165376K, 59% used [0x0000000080000000,0x00000000860aa8f0,0x000000008a180000)
 Metaspace       used 77616K, capacity 81440K, committed 81712K, reserved 1120256K
  class space    used 10496K, capacity 11255K, committed 11312K, reserved 1048576K
}

Deoptimization events (10 events):
Event: 58.536 Thread 0x000000001ad3e000 Uncommon trap: reason=unstable_if action=reinterpret pc=0x0000000004360624 method=com.android.tools.r8.u.a.i.e.b(Lcom/android/tools/r8/u/b/h0;)V @ 11
Event: 59.099 Thread 0x000000001ad3e000 Uncommon trap: reason=null_check action=make_not_entrant pc=0x0000000004677980 method=com.android.tools.r8.graph.e0.computeEquals(Ljava/lang/Object;)Z @ 1
Event: 59.178 Thread 0x000000001ad45000 Uncommon trap: reason=bimorphic action=maybe_recompile pc=0x00000000041620e8 method=java.util.HashMap.removeNode(ILjava/lang/Object;Ljava/lang/Object;ZZ)Ljava/util/HashMap$Node; @ 143
Event: 59.179 Thread 0x000000001ad45000 Uncommon trap: reason=bimorphic action=maybe_recompile pc=0x00000000041620e8 method=java.util.HashMap.removeNode(ILjava/lang/Object;Ljava/lang/Object;ZZ)Ljava/util/HashMap$Node; @ 143
Event: 59.179 Thread 0x000000001ad45000 Uncommon trap: reason=bimorphic action=maybe_recompile pc=0x00000000041620e8 method=java.util.HashMap.removeNode(ILjava/lang/Object;Ljava/lang/Object;ZZ)Ljava/util/HashMap$Node; @ 143
Event: 59.274 Thread 0x000000001ad45000 Uncommon trap: reason=bimorphic action=maybe_recompile pc=0x0000000004078138 method=java.util.HashMap.removeNode(ILjava/lang/Object;Ljava/lang/Object;ZZ)Ljava/util/HashMap$Node; @ 143
Event: 59.865 Thread 0x000000001ad3e000 Uncommon trap: reason=unstable_if action=reinterpret pc=0x00000000031f5988 method=java.util.concurrent.ArrayBlockingQueue.enqueue(Ljava/lang/Object;)V @ 25
Event: 59.866 Thread 0x000000001ad3e000 Uncommon trap: reason=unstable_if action=reinterpret pc=0x000000000399774c method=java.util.concurrent.ArrayBlockingQueue.dequeue()Ljava/lang/Object; @ 32
Event: 60.335 Thread 0x0000000019465800 Uncommon trap: reason=unstable_if action=reinterpret pc=0x0000000003ececec method=com.android.tools.r8.u.b.o1.b()Z @ 11
Event: 61.025 Thread 0x000000001ad45000 Uncommon trap: reason=unstable_if action=reinterpret pc=0x000000000373bec0 method=java.util.HashMap.getNode(ILjava/lang/Object;)Ljava/util/HashMap$Node; @ 84

Classes redefined (0 events):
No events

Internal exceptions (10 events):
Event: 59.445 Thread 0x000000001ad3e000 Exception <a 'sun/nio/fs/WindowsException'> (0x00000000dc8abd78) thrown at [C:\src\AOSP-openjdk-git\hotspot\src\share\vm\prims\jni.cpp, line 710]
Event: 60.522 Thread 0x000000001ad3e000 Exception <a 'sun/nio/fs/WindowsException'> (0x00000000dc904848) thrown at [C:\src\AOSP-openjdk-git\hotspot\src\share\vm\prims\jni.cpp, line 710]
Event: 60.542 Thread 0x000000001ad3e000 Exception <a 'sun/nio/fs/WindowsException'> (0x00000000e404d480) thrown at [C:\src\AOSP-openjdk-git\hotspot\src\share\vm\prims\jni.cpp, line 710]
Event: 60.795 Thread 0x000000001ad3e000 Exception <a 'sun/nio/fs/WindowsException'> (0x00000000e4082a40) thrown at [C:\src\AOSP-openjdk-git\hotspot\src\share\vm\prims\jni.cpp, line 710]
Event: 61.361 Thread 0x000000001ad48800 Exception <a 'sun/nio/fs/WindowsException'> (0x00000000ea7d9998) thrown at [C:\src\AOSP-openjdk-git\hotspot\src\share\vm\prims\jni.cpp, line 710]
Event: 61.530 Thread 0x000000001ad3e000 Exception <a 'sun/nio/fs/WindowsException'> (0x00000000d559f0c0) thrown at [C:\src\AOSP-openjdk-git\hotspot\src\share\vm\prims\jni.cpp, line 710]
Event: 61.596 Thread 0x000000001ad45000 Exception <a 'sun/nio/fs/WindowsException'> (0x00000000d6be45a0) thrown at [C:\src\AOSP-openjdk-git\hotspot\src\share\vm\prims\jni.cpp, line 710]
Event: 61.716 Thread 0x000000001ad48800 Exception <a 'sun/nio/fs/WindowsException'> (0x00000000d7487000) thrown at [C:\src\AOSP-openjdk-git\hotspot\src\share\vm\prims\jni.cpp, line 710]
Event: 61.815 Thread 0x000000001ad45000 Exception <a 'sun/nio/fs/WindowsException'> (0x00000000d6c196a8) thrown at [C:\src\AOSP-openjdk-git\hotspot\src\share\vm\prims\jni.cpp, line 710]
Event: 62.109 Thread 0x000000001ad3e000 Exception <a 'sun/nio/fs/WindowsException'> (0x00000000d96e0538) thrown at [C:\src\AOSP-openjdk-git\hotspot\src\share\vm\prims\jni.cpp, line 710]

Events (10 events):
Event: 62.189 Thread 0x0000000019465800 DEOPT PACKING pc=0x0000000004a5a0b1 sp=0x000000001be87800
Event: 62.189 Thread 0x0000000019465800 DEOPT UNPACKING pc=0x0000000002b975d0 sp=0x000000001be87648 mode 0
Event: 62.259 Thread 0x0000000019465800 DEOPT PACKING pc=0x0000000004a5a070 sp=0x000000001be87800
Event: 62.259 Thread 0x0000000019465800 DEOPT UNPACKING pc=0x0000000002b975d0 sp=0x000000001be87648 mode 0
Event: 62.315 Thread 0x000000001ad3e000 DEOPT PACKING pc=0x0000000004a5a070 sp=0x0000000024d5a090
Event: 62.315 Thread 0x000000001ad3e000 DEOPT UNPACKING pc=0x0000000002b975d0 sp=0x0000000024d59ed8 mode 0
Event: 62.350 Thread 0x000000001ad48800 DEOPT PACKING pc=0x0000000004e83ecf sp=0x0000000024e5a030
Event: 62.350 Thread 0x000000001ad48800 DEOPT UNPACKING pc=0x0000000002b975d0 sp=0x0000000024e59d70 mode 0
Event: 62.354 Thread 0x0000000019465800 DEOPT PACKING pc=0x0000000004a5a095 sp=0x000000001be87800
Event: 62.354 Thread 0x0000000019465800 DEOPT UNPACKING pc=0x0000000002b975d0 sp=0x000000001be87648 mode 0


Dynamic libraries:
0x00007ff687e60000 - 0x00007ff687e91000 	C:\Program Files\Android\Android Studio\jre\bin\java.exe
0x00007ff899f70000 - 0x00007ff89a165000 	C:\WINDOWS\SYSTEM32\ntdll.dll
0x00007ff899c30000 - 0x00007ff899ced000 	C:\WINDOWS\System32\KERNEL32.DLL
0x00007ff897d00000 - 0x00007ff897fc8000 	C:\WINDOWS\System32\KERNELBASE.dll
0x00007ff8987b0000 - 0x00007ff89885c000 	C:\WINDOWS\System32\ADVAPI32.dll
0x00007ff898d00000 - 0x00007ff898d9e000 	C:\WINDOWS\System32\msvcrt.dll
0x00007ff898be0000 - 0x00007ff898c7b000 	C:\WINDOWS\System32\sechost.dll
0x00007ff898ab0000 - 0x00007ff898bdb000 	C:\WINDOWS\System32\RPCRT4.dll
0x00007ff899580000 - 0x00007ff899720000 	C:\WINDOWS\System32\USER32.dll
0x00007ff897bc0000 - 0x00007ff897be2000 	C:\WINDOWS\System32\win32u.dll
0x00007ff899c00000 - 0x00007ff899c2a000 	C:\WINDOWS\System32\GDI32.dll
0x00007ff897bf0000 - 0x00007ff897cfb000 	C:\WINDOWS\System32\gdi32full.dll
0x00007ff897840000 - 0x00007ff8978dd000 	C:\WINDOWS\System32\msvcp_win.dll
0x00007ff897740000 - 0x00007ff897840000 	C:\WINDOWS\System32\ucrtbase.dll
0x00007ff87cb60000 - 0x00007ff87cdfa000 	C:\WINDOWS\WinSxS\amd64_microsoft.windows.common-controls_6595b64144ccf1df_6.0.19041.844_none_ca00b6081b84eb1d\COMCTL32.dll
0x00007ff898780000 - 0x00007ff8987b0000 	C:\WINDOWS\System32\IMM32.DLL
0x0000000063b80000 - 0x0000000063c52000 	C:\Program Files\Android\Android Studio\jre\jre\bin\msvcr100.dll
0x0000000063c60000 - 0x00000000644ab000 	C:\Program Files\Android\Android Studio\jre\jre\bin\server\jvm.dll
0x00007ff899570000 - 0x00007ff899578000 	C:\WINDOWS\System32\PSAPI.DLL
0x00007ff88d470000 - 0x00007ff88d479000 	C:\WINDOWS\SYSTEM32\WSOCK32.dll
0x00007ff88c120000 - 0x00007ff88c12a000 	C:\WINDOWS\SYSTEM32\VERSION.dll
0x00007ff88c890000 - 0x00007ff88c8b7000 	C:\WINDOWS\SYSTEM32\WINMM.dll
0x00007ff899720000 - 0x00007ff89978b000 	C:\WINDOWS\System32\WS2_32.dll
0x00007ff892ea0000 - 0x00007ff892eaf000 	C:\Program Files\Android\Android Studio\jre\jre\bin\verify.dll
0x00007ff892690000 - 0x00007ff8926b9000 	C:\Program Files\Android\Android Studio\jre\jre\bin\java.dll
0x00007ff8924d0000 - 0x00007ff8924e6000 	C:\Program Files\Android\Android Studio\jre\jre\bin\zip.dll
0x00007ff898e10000 - 0x00007ff899552000 	C:\WINDOWS\System32\SHELL32.dll
0x00007ff895770000 - 0x00007ff895f01000 	C:\WINDOWS\SYSTEM32\windows.storage.dll
0x00007ff8982c0000 - 0x00007ff898615000 	C:\WINDOWS\System32\combase.dll
0x00007ff896fe0000 - 0x00007ff89700c000 	C:\WINDOWS\SYSTEM32\Wldp.dll
0x00007ff8986d0000 - 0x00007ff89877e000 	C:\WINDOWS\System32\SHCORE.dll
0x00007ff898180000 - 0x00007ff8981d5000 	C:\WINDOWS\System32\shlwapi.dll
0x00007ff8975f0000 - 0x00007ff89760f000 	C:\WINDOWS\SYSTEM32\profapi.dll
0x00007ff891e70000 - 0x00007ff891e8a000 	C:\Program Files\Android\Android Studio\jre\jre\bin\net.dll
0x00007ff896d60000 - 0x00007ff896dca000 	C:\WINDOWS\system32\mswsock.dll
0x00007ff87fe50000 - 0x00007ff87fe63000 	C:\Program Files\Android\Android Studio\jre\jre\bin\nio.dll
0x00007ff892800000 - 0x00007ff892826000 	C:\Users\DIMA\.gradle\native\31\windows-amd64\native-platform.dll
0x00007ff8929d0000 - 0x00007ff8929dd000 	C:\Program Files\Android\Android Studio\jre\jre\bin\management.dll
0x00007ff897310000 - 0x00007ff897328000 	C:\WINDOWS\SYSTEM32\CRYPTSP.dll
0x00007ff896720000 - 0x00007ff896754000 	C:\WINDOWS\system32\rsaenh.dll
0x00007ff897710000 - 0x00007ff897737000 	C:\WINDOWS\System32\bcrypt.dll
0x00007ff8975b0000 - 0x00007ff8975de000 	C:\WINDOWS\SYSTEM32\USERENV.dll
0x00007ff8979e0000 - 0x00007ff897a60000 	C:\WINDOWS\System32\bcryptprimitives.dll
0x00007ff896ee0000 - 0x00007ff896eec000 	C:\WINDOWS\SYSTEM32\CRYPTBASE.dll
0x00007ff896a70000 - 0x00007ff896aab000 	C:\WINDOWS\SYSTEM32\IPHLPAPI.DLL
0x00007ff899560000 - 0x00007ff899568000 	C:\WINDOWS\System32\NSI.dll
0x00007ff890b50000 - 0x00007ff890b67000 	C:\WINDOWS\SYSTEM32\dhcpcsvc6.DLL
0x00007ff890b30000 - 0x00007ff890b4d000 	C:\WINDOWS\SYSTEM32\dhcpcsvc.DLL
0x00007ff896ab0000 - 0x00007ff896b7c000 	C:\WINDOWS\SYSTEM32\DNSAPI.dll

VM Arguments:
jvm_args: -Xmx2048m -Dfile.encoding=windows-1252 -Duser.country=US -Duser.language=en -Duser.variant 
java_command: org.gradle.launcher.daemon.bootstrap.GradleDaemon 6.1.1
java_class_path (initial): C:\Users\DIMA\.gradle\wrapper\dists\gradle-6.1.1-all\cfmwm155h49vnt3hynmlrsdst\gradle-6.1.1\lib\gradle-launcher-6.1.1.jar
Launcher Type: SUN_STANDARD

Environment Variables:
PATH=C:\Program Files (x86)\VMware\VMware Workstation\bin\;C:\Program Files\Python39\Scripts\;C:\Program Files\Python39\;C:\Program Files\Java\jdk-13.0.2\bin;C:\ProgramData\Oracle\Java\javapath;C:\Oracle\Middleware\Oracle_FRHome1\bin;C:\oraclexe\app\oracle\product\11.2.0\server\bin;C:\oraclexe\app\oracle\product\11.2.0\server\bin;C:\WINDOWS\system32;C:\WINDOWS;C:\WINDOWS\System32\Wbem;C:\WINDOWS\System32\WindowsPowerShell\v1.0\;C:\WINDOWS\System32\OpenSSH\;C:\MinGW\bin;C:\Program Files (x86)\GnuWin32;C:\MAMP\bin\mysql\bin;C:\Oracle\Middleware\Oracle_FRHome1\opmn\bin;C:\Oracle\Middleware\Oracle_FRHome1\opmn\lib;C:\Oracle\Middleware\Oracle_FRHome1\perl\bin;C:\Program Files (x86)\BaseX\bin;C:\Program Files (x86)\QuickTime\QTSystem\;C:\Program Files\Git\cmd;C:\Program Files\Microsoft SQL Server\Client SDK\ODBC\170\Tools\Binn\;C:\Program Files (x86)\Microsoft SQL Server\150\Tools\Binn\;C:\Program Files\Microsoft SQL Server\150\Tools\Binn\;C:\Program Files\Microsoft SQL Server\150\DTS\Binn\;C:\Program Files (x86)\Microsoft SQL Server\150\DTS\Binn\;C:\Program Files\Azure Data Studio\bin;C:\Program Files\Microsoft SQL Server\130\Tools\Binn\;C:\Program Files (x86)\Microsoft SQL Server\110\DTS\Binn\;C:\Program Files (x86)\Microsoft SQL Server\120\DTS\Binn\;C:\Program Files (x86)\Microsoft SQL Server\130\DTS\Binn\;C:\Program Files (x86)\Microsoft SQL Server\140\DTS\Binn\;C:\Users\DIMA\AppData\Local\Microsoft\WindowsApps;C:\PHP;C:\Users\DIMA\Apache24;C:\ProgramData\DIMA\atom\bin;C:\Users\DIMA\AppData\Local\Microsoft\WindowsApps;C:\Program Files\CodeBlocks\MinGW\bin;;C:\Program Files\Azure Data Studio\bin
USERNAME=DIMA
LD_LIBRARY_PATH=C:\Oracle\Middleware\Oracle_FRHome1\lib
OS=Windows_NT
PROCESSOR_IDENTIFIER=Intel64 Family 6 Model 58 Stepping 9, GenuineIntel



---------------  S Y S T E M  ---------------

OS: Windows 10.0 , 64 bit Build 19041 (10.0.19041.928)

CPU:total 4 (initial active 4) (2 cores per cpu, 2 threads per core) family 6 model 58 stepping 9, cmov, cx8, fxsr, mmx, sse, sse2, sse3, ssse3, sse4.1, sse4.2, popcnt, avx, aes, clmul, erms, ht, tsc, tscinvbit, tscinv

Memory: 4k page, physical 4054508k(285336k free), swap 16637420k(5156k free)

vm_info: OpenJDK 64-Bit Server VM (25.242-b01) for windows-amd64 JRE (1.8.0_242-release-1644-b01), built by "builder" with MS VC++ 10.0 (VS2010)

time: Mon May 31 15:25:18 2021
timezone: Morocco Daylight Time
elapsed time: 62 seconds (0d 0h 1m 2s)

