#
# There is insufficient memory for the Java Runtime Environment to continue.
# Native memory allocation (malloc) failed to allocate 131088 bytes for Chunk::new
# Possible reasons:
#   The system is out of physical RAM or swap space
#   The process is running with CompressedOops enabled, and the Java Heap may be blocking the growth of the native heap
# Possible solutions:
#   Reduce memory load on the system
#   Increase physical memory or swap space
#   Check if swap backing store is full
#   Decrease Java heap size (-Xmx/-Xms)
#   Decrease number of Java threads
#   Decrease Java thread stack sizes (-Xss)
#   Set larger code cache with -XX:ReservedCodeCacheSize=
#   JVM is running with Unscaled Compressed Oops mode in which the Java heap is
#     placed in the first 4GB address space. The Java Heap base address is the
#     maximum limit for the native heap growth. Please use -XX:HeapBaseMinAddress
#     to set the Java Heap base and to place the Java Heap above 4GB virtual address.
# This output file may be truncated or incomplete.
#
#  Out of Memory Error (allocation.cpp:389), pid=18684, tid=0x00000000000031bc
#
# JRE version: OpenJDK Runtime Environment (8.0_242-b01) (build 1.8.0_242-release-1644-b01)
# Java VM: OpenJDK 64-Bit Server VM (25.242-b01 mixed mode windows-amd64 compressed oops)
# Failed to write core dump. Minidumps are not enabled by default on client versions of Windows
#

---------------  T H R E A D  ---------------

Current thread (0x000000001746b000):  JavaThread "C2 CompilerThread1" daemon [_thread_in_native, id=12732, stack(0x0000000018bc0000,0x0000000018cc0000)]

Stack: [0x0000000018bc0000,0x0000000018cc0000]
[error occurred during error reporting (printing stack bounds), id 0xc0000005]

Native frames: (J=compiled Java code, j=interpreted, Vv=VM code, C=native code)


Current CompileTask:
C2:  30728 2287   !   4       java.net.URLClassLoader$1::run (63 bytes)


---------------  P R O C E S S  ---------------

Java Threads: ( => current thread )
  0x0000000019461800 JavaThread "Cache worker for execution history cache (C:\Users\DIMA\.gradle\caches\6.1.1\executionHistory)" [_thread_blocked, id=23440, stack(0x000000001edb0000,0x000000001eeb0000)]
  0x0000000019460800 JavaThread "Cache worker for cache directory md-rule (C:\Users\DIMA\.gradle\caches\6.1.1\md-rule)" [_thread_blocked, id=18408, stack(0x000000001ecb0000,0x000000001edb0000)]
  0x0000000019463000 JavaThread "Cache worker for cache directory md-supplier (C:\Users\DIMA\.gradle\caches\6.1.1\md-supplier)" [_thread_blocked, id=24164, stack(0x000000001ebb0000,0x000000001ecb0000)]
  0x000000001945c000 JavaThread "Cache worker for file hash cache (C:\Users\DIMA\AndroidStudioProjects\OldPeopleHelp\.gradle\6.1.1\fileHashes)" [_thread_blocked, id=22332, stack(0x000000001e6b0000,0x000000001e7b0000)]
  0x000000001945d000 JavaThread "Cache worker for checksums cache (C:\Users\DIMA\AndroidStudioProjects\OldPeopleHelp\.gradle\checksums)" [_thread_blocked, id=12448, stack(0x000000001e5b0000,0x000000001e6b0000)]
  0x0000000019460000 JavaThread "Cache worker for file hash cache (C:\Users\DIMA\.gradle\caches\6.1.1\fileHashes)" [_thread_blocked, id=1796, stack(0x000000001d1e0000,0x000000001d2e0000)]
  0x000000001945f000 JavaThread "File lock request listener" [_thread_in_native, id=14632, stack(0x000000001d0e0000,0x000000001d1e0000)]
  0x0000000018ecd800 JavaThread "Cache worker for journal cache (C:\Users\DIMA\.gradle\caches\journal-1)" [_thread_blocked, id=9756, stack(0x000000001cfe0000,0x000000001d0e0000)]
  0x0000000019119000 JavaThread "Thread-9" [_thread_blocked, id=7680, stack(0x000000001bd10000,0x000000001be10000)]
  0x0000000019118800 JavaThread "Stdin handler" [_thread_blocked, id=22632, stack(0x000000001bc10000,0x000000001bd10000)]
  0x0000000019813000 JavaThread "Asynchronous log dispatcher for DefaultDaemonConnection: socket connection from /127.0.0.1:56415 to /127.0.0.1:56416" [_thread_blocked, id=20908, stack(0x000000001bb10000,0x000000001bc10000)]
  0x0000000019943800 JavaThread "Daemon worker" [_thread_in_Java, id=21128, stack(0x000000001ba10000,0x000000001bb10000)]
  0x0000000019a79800 JavaThread "Cancel handler" [_thread_blocked, id=23404, stack(0x000000001b910000,0x000000001ba10000)]
  0x000000001a62b800 JavaThread "Handler for socket connection from /127.0.0.1:56415 to /127.0.0.1:56416" [_thread_in_native, id=20764, stack(0x000000001b610000,0x000000001b710000)]
  0x000000001a628800 JavaThread "Daemon" [_thread_blocked, id=24480, stack(0x000000001b510000,0x000000001b610000)]
  0x000000001a61a800 JavaThread "Daemon periodic checks" [_thread_blocked, id=18580, stack(0x000000001b410000,0x000000001b510000)]
  0x000000001a5ce800 JavaThread "Incoming local TCP Connector on port 56415" [_thread_in_native, id=5212, stack(0x000000001b1d0000,0x000000001b2d0000)]
  0x0000000019dc8800 JavaThread "Daemon health stats" [_thread_blocked, id=20040, stack(0x000000001ab90000,0x000000001ac90000)]
  0x00000000174bc800 JavaThread "Service Thread" daemon [_thread_blocked, id=2156, stack(0x00000000191c0000,0x00000000192c0000)]
  0x0000000017473800 JavaThread "C1 CompilerThread2" daemon [_thread_in_native, id=8156, stack(0x0000000018cc0000,0x0000000018dc0000)]
=>0x000000001746b000 JavaThread "C2 CompilerThread1" daemon [_thread_in_native, id=12732, stack(0x0000000018bc0000,0x0000000018cc0000)]
  0x0000000017464800 JavaThread "C2 CompilerThread0" daemon [_thread_in_native, id=15408, stack(0x0000000018ac0000,0x0000000018bc0000)]
  0x0000000017463000 JavaThread "Attach Listener" daemon [_thread_blocked, id=24408, stack(0x00000000189c0000,0x0000000018ac0000)]
  0x0000000017461800 JavaThread "Signal Dispatcher" daemon [_thread_blocked, id=20744, stack(0x00000000188c0000,0x00000000189c0000)]
  0x000000000283b800 JavaThread "Finalizer" daemon [_thread_blocked, id=564, stack(0x00000000186c0000,0x00000000187c0000)]
  0x0000000017449000 JavaThread "Reference Handler" daemon [_thread_blocked, id=5024, stack(0x00000000185c0000,0x00000000186c0000)]
  0x000000000273e000 JavaThread "main" [_thread_blocked, id=11984, stack(0x00000000025c0000,0x00000000026c0000)]

Other Threads:
  0x0000000017425800 VMThread [stack: 0x00000000184c0000,0x00000000185c0000] [id=21496]
  0x00000000174bd000 WatcherThread [stack: 0x00000000192c0000,0x00000000193c0000] [id=13704]

VM state:not at safepoint (normal execution)

VM Mutex/Monitor currently owned by a thread: None

heap address: 0x0000000080000000, size: 2048 MB, Compressed Oops mode: 32-bit
Narrow klass base: 0x0000000000000000, Narrow klass shift: 3
Compressed class space size: 1073741824 Address: 0x0000000100000000

Heap:
 PSYoungGen      total 133120K, used 67665K [0x00000000d5580000, 0x00000000de180000, 0x0000000100000000)
  eden space 124928K, 54% used [0x00000000d5580000,0x00000000d97944f8,0x00000000dcf80000)
  from space 8192K, 0% used [0x00000000dd980000,0x00000000dd980000,0x00000000de180000)
  to   space 9216K, 0% used [0x00000000dcf80000,0x00000000dcf80000,0x00000000dd880000)
 ParOldGen       total 30208K, used 7900K [0x0000000080000000, 0x0000000081d80000, 0x00000000d5580000)
  object space 30208K, 26% used [0x0000000080000000,0x00000000807b7250,0x0000000081d80000)
 Metaspace       used 28092K, capacity 28800K, committed 28976K, reserved 1075200K
  class space    used 3873K, capacity 4103K, committed 4144K, reserved 1048576K

Card table byte_map: [0x0000000011c00000,0x0000000012010000] byte_map_base: 0x0000000011800000

Marking Bits: (ParMarkBitMap*) 0x000000006442f030
 Begin Bits: [0x00000000126c0000, 0x00000000146c0000)
 End Bits:   [0x00000000146c0000, 0x00000000166c0000)

Polling page: 0x0000000000d50000

CodeCache: size=245760Kb used=7223Kb max_used=7223Kb free=238536Kb
 bounds [0x0000000002840000, 0x0000000002f60000, 0x0000000011840000]
 total_blobs=2602 nmethods=2154 adapters=361
 compilation: enabled

Compilation events (10 events):
Event: 30.698 Thread 0x0000000017473800 nmethod 2318 0x0000000002f46a10 code [0x0000000002f46b60, 0x0000000002f46d10]
Event: 30.698 Thread 0x0000000017473800 2317       3       java.lang.Class$MethodArray::<init> (7 bytes)
Event: 30.698 Thread 0x0000000017473800 nmethod 2317 0x0000000002f46dd0 code [0x0000000002f46f40, 0x0000000002f470c8]
Event: 30.698 Thread 0x0000000017473800 2319       3       java.lang.reflect.Executable::equalParamTypes (36 bytes)
Event: 30.699 Thread 0x0000000017473800 nmethod 2319 0x0000000002f47150 code [0x0000000002f472c0, 0x0000000002f47590]
Event: 30.702 Thread 0x0000000017473800 2320       3       java.lang.reflect.Method::getTypeParameters (26 bytes)
Event: 30.704 Thread 0x0000000017473800 nmethod 2320 0x0000000002f476d0 code [0x0000000002f478c0, 0x0000000002f482f8]
Event: 30.704 Thread 0x0000000017473800 2321       3       java.lang.reflect.Executable::getGenericExceptionTypes (27 bytes)
Event: 30.704 Thread 0x0000000017473800 nmethod 2321 0x0000000002f48990 code [0x0000000002f48b20, 0x0000000002f48fd8]
Event: 30.707 Thread 0x0000000017473800 2323   !   3       java.lang.reflect.Executable::sharedToGenericString (329 bytes)

GC Heap History (10 events):
Event: 11.886 GC heap before
{Heap before GC invocations=5 (full 0):
 PSYoungGen      total 34304K, used 34288K [0x00000000d5580000, 0x00000000d7980000, 0x0000000100000000)
  eden space 31744K, 100% used [0x00000000d5580000,0x00000000d7480000,0x00000000d7480000)
  from space 2560K, 99% used [0x00000000d7700000,0x00000000d797c010,0x00000000d7980000)
  to   space 2560K, 0% used [0x00000000d7480000,0x00000000d7480000,0x00000000d7700000)
 ParOldGen       total 42496K, used 1363K [0x0000000080000000, 0x0000000082980000, 0x00000000d5580000)
  object space 42496K, 3% used [0x0000000080000000,0x0000000080154c10,0x0000000082980000)
 Metaspace       used 11889K, capacity 12184K, committed 12288K, reserved 1060864K
  class space    used 1574K, capacity 1696K, committed 1792K, reserved 1048576K
Event: 11.910 GC heap after
Heap after GC invocations=5 (full 0):
 PSYoungGen      total 34304K, used 2528K [0x00000000d5580000, 0x00000000d9f80000, 0x0000000100000000)
  eden space 31744K, 0% used [0x00000000d5580000,0x00000000d5580000,0x00000000d7480000)
  from space 2560K, 98% used [0x00000000d7480000,0x00000000d76f8020,0x00000000d7700000)
  to   space 6144K, 0% used [0x00000000d9980000,0x00000000d9980000,0x00000000d9f80000)
 ParOldGen       total 42496K, used 4820K [0x0000000080000000, 0x0000000082980000, 0x00000000d5580000)
  object space 42496K, 11% used [0x0000000080000000,0x00000000804b5328,0x0000000082980000)
 Metaspace       used 11889K, capacity 12184K, committed 12288K, reserved 1060864K
  class space    used 1574K, capacity 1696K, committed 1792K, reserved 1048576K
}
Event: 16.797 GC heap before
{Heap before GC invocations=6 (full 0):
 PSYoungGen      total 34304K, used 34272K [0x00000000d5580000, 0x00000000d9f80000, 0x0000000100000000)
  eden space 31744K, 100% used [0x00000000d5580000,0x00000000d7480000,0x00000000d7480000)
  from space 2560K, 98% used [0x00000000d7480000,0x00000000d76f8020,0x00000000d7700000)
  to   space 6144K, 0% used [0x00000000d9980000,0x00000000d9980000,0x00000000d9f80000)
 ParOldGen       total 42496K, used 4820K [0x0000000080000000, 0x0000000082980000, 0x00000000d5580000)
  object space 42496K, 11% used [0x0000000080000000,0x00000000804b5328,0x0000000082980000)
 Metaspace       used 14944K, capacity 15404K, committed 15744K, reserved 1062912K
  class space    used 1974K, capacity 2122K, committed 2176K, reserved 1048576K
Event: 16.830 GC heap after
Heap after GC invocations=6 (full 0):
 PSYoungGen      total 68608K, used 5741K [0x00000000d5580000, 0x00000000da180000, 0x0000000100000000)
  eden space 62464K, 0% used [0x00000000d5580000,0x00000000d5580000,0x00000000d9280000)
  from space 6144K, 93% used [0x00000000d9980000,0x00000000d9f1b6b0,0x00000000d9f80000)
  to   space 7168K, 0% used [0x00000000d9280000,0x00000000d9280000,0x00000000d9980000)
 ParOldGen       total 42496K, used 4820K [0x0000000080000000, 0x0000000082980000, 0x00000000d5580000)
  object space 42496K, 11% used [0x0000000080000000,0x00000000804b5328,0x0000000082980000)
 Metaspace       used 14944K, capacity 15404K, committed 15744K, reserved 1062912K
  class space    used 1974K, capacity 2122K, committed 2176K, reserved 1048576K
}
Event: 24.240 GC heap before
{Heap before GC invocations=7 (full 0):
 PSYoungGen      total 68608K, used 68205K [0x00000000d5580000, 0x00000000da180000, 0x0000000100000000)
  eden space 62464K, 100% used [0x00000000d5580000,0x00000000d9280000,0x00000000d9280000)
  from space 6144K, 93% used [0x00000000d9980000,0x00000000d9f1b6b0,0x00000000d9f80000)
  to   space 7168K, 0% used [0x00000000d9280000,0x00000000d9280000,0x00000000d9980000)
 ParOldGen       total 42496K, used 4820K [0x0000000080000000, 0x0000000082980000, 0x00000000d5580000)
  object space 42496K, 11% used [0x0000000080000000,0x00000000804b5328,0x0000000082980000)
 Metaspace       used 20039K, capacity 20590K, committed 20992K, reserved 1067008K
  class space    used 2800K, capacity 2969K, committed 3072K, reserved 1048576K
Event: 24.275 GC heap after
Heap after GC invocations=7 (full 0):
 PSYoungGen      total 69632K, used 7158K [0x00000000d5580000, 0x00000000de380000, 0x0000000100000000)
  eden space 62464K, 0% used [0x00000000d5580000,0x00000000d5580000,0x00000000d9280000)
  from space 7168K, 99% used [0x00000000d9280000,0x00000000d997d9d8,0x00000000d9980000)
  to   space 10240K, 0% used [0x00000000dd980000,0x00000000dd980000,0x00000000de380000)
 ParOldGen       total 42496K, used 8293K [0x0000000080000000, 0x0000000082980000, 0x00000000d5580000)
  object space 42496K, 19% used [0x0000000080000000,0x0000000080819530,0x0000000082980000)
 Metaspace       used 20039K, capacity 20590K, committed 20992K, reserved 1067008K
  class space    used 2800K, capacity 2969K, committed 3072K, reserved 1048576K
}
Event: 25.132 GC heap before
{Heap before GC invocations=8 (full 0):
 PSYoungGen      total 69632K, used 15634K [0x00000000d5580000, 0x00000000de380000, 0x0000000100000000)
  eden space 62464K, 13% used [0x00000000d5580000,0x00000000d5dc7218,0x00000000d9280000)
  from space 7168K, 99% used [0x00000000d9280000,0x00000000d997d9d8,0x00000000d9980000)
  to   space 10240K, 0% used [0x00000000dd980000,0x00000000dd980000,0x00000000de380000)
 ParOldGen       total 42496K, used 8293K [0x0000000080000000, 0x0000000082980000, 0x00000000d5580000)
  object space 42496K, 19% used [0x0000000080000000,0x0000000080819530,0x0000000082980000)
 Metaspace       used 20523K, capacity 21214K, committed 21296K, reserved 1067008K
  class space    used 2880K, capacity 3093K, committed 3120K, reserved 1048576K
Event: 25.149 GC heap after
Heap after GC invocations=8 (full 0):
 PSYoungGen      total 133120K, used 4858K [0x00000000d5580000, 0x00000000de180000, 0x0000000100000000)
  eden space 124928K, 0% used [0x00000000d5580000,0x00000000d5580000,0x00000000dcf80000)
  from space 8192K, 59% used [0x00000000dd980000,0x00000000dde3e9d0,0x00000000de180000)
  to   space 9216K, 0% used [0x00000000dcf80000,0x00000000dcf80000,0x00000000dd880000)
 ParOldGen       total 42496K, used 8965K [0x0000000080000000, 0x0000000082980000, 0x00000000d5580000)
  object space 42496K, 21% used [0x0000000080000000,0x00000000808c1530,0x0000000082980000)
 Metaspace       used 20523K, capacity 21214K, committed 21296K, reserved 1067008K
  class space    used 2880K, capacity 3093K, committed 3120K, reserved 1048576K
}
Event: 25.149 GC heap before
{Heap before GC invocations=9 (full 1):
 PSYoungGen      total 133120K, used 4858K [0x00000000d5580000, 0x00000000de180000, 0x0000000100000000)
  eden space 124928K, 0% used [0x00000000d5580000,0x00000000d5580000,0x00000000dcf80000)
  from space 8192K, 59% used [0x00000000dd980000,0x00000000dde3e9d0,0x00000000de180000)
  to   space 9216K, 0% used [0x00000000dcf80000,0x00000000dcf80000,0x00000000dd880000)
 ParOldGen       total 42496K, used 8965K [0x0000000080000000, 0x0000000082980000, 0x00000000d5580000)
  object space 42496K, 21% used [0x0000000080000000,0x00000000808c1530,0x0000000082980000)
 Metaspace       used 20523K, capacity 21214K, committed 21296K, reserved 1067008K
  class space    used 2880K, capacity 3093K, committed 3120K, reserved 1048576K
Event: 25.244 GC heap after
Heap after GC invocations=9 (full 1):
 PSYoungGen      total 133120K, used 0K [0x00000000d5580000, 0x00000000de180000, 0x0000000100000000)
  eden space 124928K, 0% used [0x00000000d5580000,0x00000000d5580000,0x00000000dcf80000)
  from space 8192K, 0% used [0x00000000dd980000,0x00000000dd980000,0x00000000de180000)
  to   space 9216K, 0% used [0x00000000dcf80000,0x00000000dcf80000,0x00000000dd880000)
 ParOldGen       total 30208K, used 7900K [0x0000000080000000, 0x0000000081d80000, 0x00000000d5580000)
  object space 30208K, 26% used [0x0000000080000000,0x00000000807b7250,0x0000000081d80000)
 Metaspace       used 20523K, capacity 21214K, committed 21296K, reserved 1067008K
  class space    used 2880K, capacity 3093K, committed 3120K, reserved 1048576K
}

Deoptimization events (10 events):
Event: 26.232 Thread 0x0000000019943800 Uncommon trap: reason=unstable_if action=reinterpret pc=0x0000000002b761f0 method=java.util.LinkedHashMap.afterNodeInsertion(Z)V @ 1
Event: 29.235 Thread 0x0000000019943800 Uncommon trap: reason=class_check action=maybe_recompile pc=0x0000000002a79360 method=sun.misc.URLClassPath.getLoader(I)Lsun/misc/URLClassPath$Loader; @ 94
Event: 29.236 Thread 0x0000000019943800 Uncommon trap: reason=class_check action=maybe_recompile pc=0x0000000002c0e860 method=sun.misc.URLClassPath.getResource(Ljava/lang/String;Z)Lsun/misc/Resource; @ 62
Event: 29.236 Thread 0x0000000019943800 Uncommon trap: reason=unstable_if action=reinterpret pc=0x0000000002e94cbc method=java.lang.String.regionMatches(ZILjava/lang/String;II)Z @ 41
Event: 29.245 Thread 0x0000000019943800 Uncommon trap: reason=unstable_if action=reinterpret pc=0x0000000002dee98c method=java.lang.ClassLoader.getClassLoadingLock(Ljava/lang/String;)Ljava/lang/Object; @ 6
Event: 29.438 Thread 0x0000000019943800 Uncommon trap: reason=bimorphic action=maybe_recompile pc=0x0000000002dcc750 method=java.io.BufferedInputStream.read([BII)I @ 101
Event: 29.439 Thread 0x0000000019943800 Uncommon trap: reason=bimorphic action=maybe_recompile pc=0x0000000002dcc750 method=java.io.BufferedInputStream.read([BII)I @ 101
Event: 29.441 Thread 0x0000000019943800 Uncommon trap: reason=bimorphic action=maybe_recompile pc=0x0000000002dcc750 method=java.io.BufferedInputStream.read([BII)I @ 101
Event: 29.444 Thread 0x0000000019943800 Uncommon trap: reason=bimorphic action=maybe_recompile pc=0x0000000002dcc750 method=java.io.BufferedInputStream.read([BII)I @ 101
Event: 30.658 Thread 0x0000000019943800 Uncommon trap: reason=unstable_if action=reinterpret pc=0x000000000296f2f8 method=java.lang.String.regionMatches(ZILjava/lang/String;II)Z @ 41

Classes redefined (0 events):
No events

Internal exceptions (10 events):
Event: 30.663 Thread 0x0000000019943800 Exception <a 'java/lang/ClassNotFoundException': sync_studio_tooling1_2r35cuc2ls1pbfbdrn0yjzfvcBeanInfo> (0x00000000d95d6230) thrown at [C:\src\AOSP-openjdk-git\hotspot\src\share\vm\classfile\systemDictionary.cpp, line 210]
Event: 30.685 Thread 0x0000000019943800 Exception <a 'java/lang/ClassNotFoundException': org/gradle/initialization/InitScriptBeanInfo> (0x00000000d95ec758) thrown at [C:\src\AOSP-openjdk-git\hotspot\src\share\vm\classfile\systemDictionary.cpp, line 210]
Event: 30.686 Thread 0x0000000019943800 Exception <a 'java/lang/ClassNotFoundException': org/gradle/groovy/scripts/DefaultScriptBeanInfo> (0x00000000d96039d8) thrown at [C:\src\AOSP-openjdk-git\hotspot\src\share\vm\classfile\systemDictionary.cpp, line 210]
Event: 30.687 Thread 0x0000000019943800 Exception <a 'java/lang/ClassNotFoundException': org/gradle/groovy/scripts/BasicScriptBeanInfo> (0x00000000d961abf0) thrown at [C:\src\AOSP-openjdk-git\hotspot\src\share\vm\classfile\systemDictionary.cpp, line 210]
Event: 30.688 Thread 0x0000000019943800 Exception <a 'java/lang/ClassNotFoundException': org/gradle/groovy/scripts/ScriptBeanInfo> (0x00000000d9630a20) thrown at [C:\src\AOSP-openjdk-git\hotspot\src\share\vm\classfile\systemDictionary.cpp, line 210]
Event: 30.689 Thread 0x0000000019943800 Exception <a 'java/lang/ClassNotFoundException': groovy/lang/ScriptBeanInfo> (0x00000000d9641c98) thrown at [C:\src\AOSP-openjdk-git\hotspot\src\share\vm\classfile\systemDictionary.cpp, line 210]
Event: 30.691 Thread 0x0000000019943800 Exception <a 'java/lang/ClassNotFoundException': groovy/lang/ScriptCustomizer> (0x00000000d96542c8) thrown at [C:\src\AOSP-openjdk-git\hotspot\src\share\vm\classfile\systemDictionary.cpp, line 210]
Event: 30.696 Thread 0x0000000019943800 Exception <a 'java/lang/ClassNotFoundException': org/gradle/groovy/scripts/ScriptCustomizer> (0x00000000d9673fc0) thrown at [C:\src\AOSP-openjdk-git\hotspot\src\share\vm\classfile\systemDictionary.cpp, line 210]
Event: 30.698 Thread 0x0000000019943800 Exception <a 'java/lang/ClassNotFoundException': org/gradle/groovy/scripts/BasicScriptCustomizer> (0x00000000d9694100) thrown at [C:\src\AOSP-openjdk-git\hotspot\src\share\vm\classfile\systemDictionary.cpp, line 210]
Event: 30.701 Thread 0x0000000019943800 Exception <a 'java/lang/ClassNotFoundException': org/gradle/groovy/scripts/DefaultScriptCustomizer> (0x00000000d96ba330) thrown at [C:\src\AOSP-openjdk-git\hotspot\src\share\vm\classfile\systemDictionary.cpp, line 210]

Events (10 events):
Event: 30.698 loading class org/gradle/groovy/scripts/BasicScriptCustomizer
Event: 30.698 loading class org/gradle/groovy/scripts/BasicScriptCustomizer done
Event: 30.700 loading class org/gradle/groovy/scripts/DefaultScriptCustomizer
Event: 30.700 loading class org/gradle/groovy/scripts/DefaultScriptCustomizer done
Event: 30.701 loading class org/gradle/groovy/scripts/DefaultScriptCustomizer
Event: 30.701 loading class org/gradle/groovy/scripts/DefaultScriptCustomizer done
Event: 30.701 loading class org/gradle/groovy/scripts/DefaultScriptCustomizer
Event: 30.701 loading class org/gradle/groovy/scripts/DefaultScriptCustomizer done
Event: 30.706 loading class org/gradle/api/file/DeleteSpec
Event: 30.706 loading class org/gradle/api/file/DeleteSpec done


Dynamic libraries:
0x00007ff72eb90000 - 0x00007ff72ebc1000 	C:\Program Files\Android\Android Studio\jre\bin\java.exe
0x00007ff899f70000 - 0x00007ff89a165000 	C:\WINDOWS\SYSTEM32\ntdll.dll
0x00007ff899c30000 - 0x00007ff899ced000 	C:\WINDOWS\System32\KERNEL32.DLL
0x00007ff897d00000 - 0x00007ff897fc8000 	C:\WINDOWS\System32\KERNELBASE.dll
0x00007ff8987b0000 - 0x00007ff89885c000 	C:\WINDOWS\System32\ADVAPI32.dll
0x00007ff898d00000 - 0x00007ff898d9e000 	C:\WINDOWS\System32\msvcrt.dll
0x00007ff898be0000 - 0x00007ff898c7b000 	C:\WINDOWS\System32\sechost.dll
0x00007ff898ab0000 - 0x00007ff898bdb000 	C:\WINDOWS\System32\RPCRT4.dll
0x00007ff899580000 - 0x00007ff899720000 	C:\WINDOWS\System32\USER32.dll
0x00007ff897bc0000 - 0x00007ff897be2000 	C:\WINDOWS\System32\win32u.dll
0x00007ff899c00000 - 0x00007ff899c2a000 	C:\WINDOWS\System32\GDI32.dll
0x00007ff897bf0000 - 0x00007ff897cfb000 	C:\WINDOWS\System32\gdi32full.dll
0x00007ff897840000 - 0x00007ff8978dd000 	C:\WINDOWS\System32\msvcp_win.dll
0x00007ff897740000 - 0x00007ff897840000 	C:\WINDOWS\System32\ucrtbase.dll
0x00007ff87cb60000 - 0x00007ff87cdfa000 	C:\WINDOWS\WinSxS\amd64_microsoft.windows.common-controls_6595b64144ccf1df_6.0.19041.844_none_ca00b6081b84eb1d\COMCTL32.dll
0x00007ff898780000 - 0x00007ff8987b0000 	C:\WINDOWS\System32\IMM32.DLL
0x0000000063b80000 - 0x0000000063c52000 	C:\Program Files\Android\Android Studio\jre\jre\bin\msvcr100.dll
0x0000000063c60000 - 0x00000000644ab000 	C:\Program Files\Android\Android Studio\jre\jre\bin\server\jvm.dll
0x00007ff899570000 - 0x00007ff899578000 	C:\WINDOWS\System32\PSAPI.DLL
0x00007ff88d470000 - 0x00007ff88d479000 	C:\WINDOWS\SYSTEM32\WSOCK32.dll
0x00007ff899720000 - 0x00007ff89978b000 	C:\WINDOWS\System32\WS2_32.dll
0x00007ff88c120000 - 0x00007ff88c12a000 	C:\WINDOWS\SYSTEM32\VERSION.dll
0x00007ff88c890000 - 0x00007ff88c8b7000 	C:\WINDOWS\SYSTEM32\WINMM.dll
0x00007ff8926b0000 - 0x00007ff8926bf000 	C:\Program Files\Android\Android Studio\jre\jre\bin\verify.dll
0x00007ff875d40000 - 0x00007ff875d69000 	C:\Program Files\Android\Android Studio\jre\jre\bin\java.dll
0x00007ff892690000 - 0x00007ff8926a6000 	C:\Program Files\Android\Android Studio\jre\jre\bin\zip.dll
0x00007ff898e10000 - 0x00007ff899552000 	C:\WINDOWS\System32\SHELL32.dll
0x00007ff895770000 - 0x00007ff895f01000 	C:\WINDOWS\SYSTEM32\windows.storage.dll
0x00007ff8982c0000 - 0x00007ff898615000 	C:\WINDOWS\System32\combase.dll
0x00007ff896fe0000 - 0x00007ff89700c000 	C:\WINDOWS\SYSTEM32\Wldp.dll
0x00007ff8986d0000 - 0x00007ff89877e000 	C:\WINDOWS\System32\SHCORE.dll
0x00007ff898180000 - 0x00007ff8981d5000 	C:\WINDOWS\System32\shlwapi.dll
0x00007ff8975f0000 - 0x00007ff89760f000 	C:\WINDOWS\SYSTEM32\profapi.dll
0x00007ff88e140000 - 0x00007ff88e15a000 	C:\Program Files\Android\Android Studio\jre\jre\bin\net.dll
0x00007ff896d60000 - 0x00007ff896dca000 	C:\WINDOWS\system32\mswsock.dll
0x00007ff875ff0000 - 0x00007ff876003000 	C:\Program Files\Android\Android Studio\jre\jre\bin\nio.dll
0x00007ff87fe40000 - 0x00007ff87fe66000 	C:\Users\DIMA\.gradle\native\31\windows-amd64\native-platform.dll
0x00007ff891f90000 - 0x00007ff891f9d000 	C:\Program Files\Android\Android Studio\jre\jre\bin\management.dll
0x00007ff897310000 - 0x00007ff897328000 	C:\WINDOWS\SYSTEM32\CRYPTSP.dll
0x00007ff896720000 - 0x00007ff896754000 	C:\WINDOWS\system32\rsaenh.dll
0x00007ff897710000 - 0x00007ff897737000 	C:\WINDOWS\System32\bcrypt.dll
0x00007ff8975b0000 - 0x00007ff8975de000 	C:\WINDOWS\SYSTEM32\USERENV.dll
0x00007ff8979e0000 - 0x00007ff897a60000 	C:\WINDOWS\System32\bcryptprimitives.dll
0x00007ff896ee0000 - 0x00007ff896eec000 	C:\WINDOWS\SYSTEM32\CRYPTBASE.dll
0x00007ff896a70000 - 0x00007ff896aab000 	C:\WINDOWS\SYSTEM32\IPHLPAPI.DLL
0x00007ff899560000 - 0x00007ff899568000 	C:\WINDOWS\System32\NSI.dll
0x00007ff890b50000 - 0x00007ff890b67000 	C:\WINDOWS\SYSTEM32\dhcpcsvc6.DLL
0x00007ff890b30000 - 0x00007ff890b4d000 	C:\WINDOWS\SYSTEM32\dhcpcsvc.DLL
0x00007ff896ab0000 - 0x00007ff896b7c000 	C:\WINDOWS\SYSTEM32\DNSAPI.dll

VM Arguments:
jvm_args: -Xmx2048m -Dfile.encoding=windows-1252 -Duser.country=US -Duser.language=en -Duser.variant 
java_command: org.gradle.launcher.daemon.bootstrap.GradleDaemon 6.1.1
java_class_path (initial): C:\Users\DIMA\.gradle\wrapper\dists\gradle-6.1.1-all\cfmwm155h49vnt3hynmlrsdst\gradle-6.1.1\lib\gradle-launcher-6.1.1.jar
Launcher Type: SUN_STANDARD

Environment Variables:
PATH=C:\Program Files (x86)\VMware\VMware Workstation\bin\;C:\Program Files\Python39\Scripts\;C:\Program Files\Python39\;C:\Program Files\Java\jdk-13.0.2\bin;C:\ProgramData\Oracle\Java\javapath;C:\Oracle\Middleware\Oracle_FRHome1\bin;C:\oraclexe\app\oracle\product\11.2.0\server\bin;C:\oraclexe\app\oracle\product\11.2.0\server\bin;C:\WINDOWS\system32;C:\WINDOWS;C:\WINDOWS\System32\Wbem;C:\WINDOWS\System32\WindowsPowerShell\v1.0\;C:\WINDOWS\System32\OpenSSH\;C:\MinGW\bin;C:\Program Files (x86)\GnuWin32;C:\MAMP\bin\mysql\bin;C:\Oracle\Middleware\Oracle_FRHome1\opmn\bin;C:\Oracle\Middleware\Oracle_FRHome1\opmn\lib;C:\Oracle\Middleware\Oracle_FRHome1\perl\bin;C:\Program Files (x86)\BaseX\bin;C:\Program Files (x86)\QuickTime\QTSystem\;C:\Program Files\Git\cmd;C:\Program Files\Microsoft SQL Server\Client SDK\ODBC\170\Tools\Binn\;C:\Program Files (x86)\Microsoft SQL Server\150\Tools\Binn\;C:\Program Files\Microsoft SQL Server\150\Tools\Binn\;C:\Program Files\Microsoft SQL Server\150\DTS\Binn\;C:\Program Files (x86)\Microsoft SQL Server\150\DTS\Binn\;C:\Program Files\Azure Data Studio\bin;C:\Program Files\Microsoft SQL Server\130\Tools\Binn\;C:\Program Files (x86)\Microsoft SQL Server\110\DTS\Binn\;C:\Program Files (x86)\Microsoft SQL Server\120\DTS\Binn\;C:\Program Files (x86)\Microsoft SQL Server\130\DTS\Binn\;C:\Program Files (x86)\Microsoft SQL Server\140\DTS\Binn\;C:\Users\DIMA\AppData\Local\Microsoft\WindowsApps;C:\PHP;C:\Users\DIMA\Apache24;C:\ProgramData\DIMA\atom\bin;C:\Users\DIMA\AppData\Local\Microsoft\WindowsApps;C:\Program Files\CodeBlocks\MinGW\bin;;C:\Program Files\Azure Data Studio\bin
USERNAME=DIMA
LD_LIBRARY_PATH=C:\Oracle\Middleware\Oracle_FRHome1\lib
OS=Windows_NT
PROCESSOR_IDENTIFIER=Intel64 Family 6 Model 58 Stepping 9, GenuineIntel



---------------  S Y S T E M  ---------------

OS: Windows 10.0 , 64 bit Build 19041 (10.0.19041.928)

CPU:total 4 (initial active 4) (2 cores per cpu, 2 threads per core) family 6 model 58 stepping 9, cmov, cx8, fxsr, mmx, sse, sse2, sse3, ssse3, sse4.1, sse4.2, popcnt, avx, aes, clmul, erms, ht, tsc, tscinvbit, tscinv

Memory: 4k page, physical 4054508k(246180k free), swap 16637420k(7684k free)

vm_info: OpenJDK 64-Bit Server VM (25.242-b01) for windows-amd64 JRE (1.8.0_242-release-1644-b01), built by "builder" with MS VC++ 10.0 (VS2010)

time: Sun May 30 15:01:52 2021
timezone: Morocco Daylight Time
elapsed time: 30 seconds (0d 0h 0m 30s)

