#
# There is insufficient memory for the Java Runtime Environment to continue.
# Native memory allocation (malloc) failed to allocate 1974256 bytes for Chunk::new
# Possible reasons:
#   The system is out of physical RAM or swap space
#   The process is running with CompressedOops enabled, and the Java Heap may be blocking the growth of the native heap
# Possible solutions:
#   Reduce memory load on the system
#   Increase physical memory or swap space
#   Check if swap backing store is full
#   Decrease Java heap size (-Xmx/-Xms)
#   Decrease number of Java threads
#   Decrease Java thread stack sizes (-Xss)
#   Set larger code cache with -XX:ReservedCodeCacheSize=
#   JVM is running with Unscaled Compressed Oops mode in which the Java heap is
#     placed in the first 4GB address space. The Java Heap base address is the
#     maximum limit for the native heap growth. Please use -XX:HeapBaseMinAddress
#     to set the Java Heap base and to place the Java Heap above 4GB virtual address.
# This output file may be truncated or incomplete.
#
#  Out of Memory Error (allocation.cpp:389), pid=9324, tid=0x0000000000002f68
#
# JRE version: OpenJDK Runtime Environment (8.0_242-b01) (build 1.8.0_242-release-1644-b01)
# Java VM: OpenJDK 64-Bit Server VM (25.242-b01 mixed mode windows-amd64 compressed oops)
# Failed to write core dump. Minidumps are not enabled by default on client versions of Windows
#

---------------  T H R E A D  ---------------

Current thread (0x000000001804a000):  JavaThread "C2 CompilerThread0" daemon [_thread_in_native, id=12136, stack(0x00000000196b0000,0x00000000197b0000)]

Stack: [0x00000000196b0000,0x00000000197b0000]
[error occurred during error reporting (printing stack bounds), id 0xc0000005]

Native frames: (J=compiled Java code, j=interpreted, Vv=VM code, C=native code)


Current CompileTask:
C2:10511129 21236   !   4       java.io.ObjectInputStream::readObject0 (671 bytes)


---------------  P R O C E S S  ---------------

Java Threads: ( => current thread )
  0x000000001aaf3000 JavaThread "MarlinRenderer Disposer" daemon [_thread_blocked, id=23608, stack(0x000000002c630000,0x000000002c730000)]
  0x000000001aaf0000 JavaThread "Java2D Disposer" daemon [_thread_blocked, id=14768, stack(0x000000002c3a0000,0x000000002c4a0000)]
  0x000000001ec44000 JavaThread "WorkerExecutor Queue Thread 4" [_thread_blocked, id=10912, stack(0x000000002bea0000,0x000000002bfa0000)]
  0x000000001ec3e800 JavaThread "WorkerExecutor Queue Thread 3" [_thread_in_vm, id=21212, stack(0x000000002bda0000,0x000000002bea0000)]
  0x000000001ec3e000 JavaThread "WorkerExecutor Queue Thread 2" [_thread_blocked, id=8204, stack(0x000000002bca0000,0x000000002bda0000)]
  0x000000001ec43000 JavaThread "WorkerExecutor Queue" [_thread_in_vm, id=16292, stack(0x000000002bba0000,0x000000002bca0000)]
  0x00000000203b9000 JavaThread "stdout" [_thread_in_native, id=22716, stack(0x000000002b8a0000,0x000000002b9a0000)]
  0x00000000203b5800 JavaThread "stderr" [_thread_in_native, id=1996, stack(0x000000002b7a0000,0x000000002b8a0000)]
  0x00000000203b6000 JavaThread "stdout" [_thread_in_native, id=22800, stack(0x000000002b6a0000,0x000000002b7a0000)]
  0x00000000203b4000 JavaThread "stderr" [_thread_in_native, id=12504, stack(0x000000002b5a0000,0x000000002b6a0000)]
  0x00000000203b2800 JavaThread "stdout" [_thread_in_native, id=10156, stack(0x000000002b4a0000,0x000000002b5a0000)]
  0x00000000203b3000 JavaThread "stderr" [_thread_in_native, id=21848, stack(0x000000002b3a0000,0x000000002b4a0000)]
  0x00000000203ad000 JavaThread "stdout" [_thread_in_native, id=17400, stack(0x000000002b2a0000,0x000000002b3a0000)]
  0x00000000203ab000 JavaThread "stderr" [_thread_in_native, id=24256, stack(0x000000002b1a0000,0x000000002b2a0000)]
  0x00000000203ae800 JavaThread "pool-18-thread-1" [_thread_blocked, id=15956, stack(0x000000002acc0000,0x000000002adc0000)]
  0x00000000203ab800 JavaThread "Cache worker for execution history cache (C:\Users\DIMA\AndroidStudioProjects\OldPeopleHelp\.gradle\6.1.1\executionHistory)" [_thread_blocked, id=14528, stack(0x00000000297a0000,0x00000000298a0000)]
  0x00000000203b0000 JavaThread "Execution worker for ':' Thread 3" [_thread_blocked, id=21752, stack(0x000000002b0a0000,0x000000002b1a0000)]
  0x00000000203ac800 JavaThread "Execution worker for ':' Thread 2" [_thread_blocked, id=13520, stack(0x000000002afa0000,0x000000002b0a0000)]
  0x00000000203b1800 JavaThread "Execution worker for ':'" [_thread_in_Java, id=22892, stack(0x000000002aea0000,0x000000002afa0000)]
  0x00000000203aa000 JavaThread "Cache worker for file content cache (C:\Users\DIMA\AndroidStudioProjects\OldPeopleHelp\.gradle\6.1.1\fileContent)" [_thread_blocked, id=17840, stack(0x00000000284a0000,0x00000000285a0000)]
  0x0000000019fe8800 JavaThread "Cache worker for Build Output Cleanup Cache (C:\Users\DIMA\AndroidStudioProjects\OldPeopleHelp\.gradle\buildOutputCleanup)" [_thread_blocked, id=24020, stack(0x0000000026950000,0x0000000026a50000)]
  0x0000000019fe7000 JavaThread "Build operations Thread 4" [_thread_blocked, id=14484, stack(0x00000000258f0000,0x00000000259f0000)]
  0x0000000019fe6000 JavaThread "Build operations Thread 3" [_thread_blocked, id=18328, stack(0x00000000255f0000,0x00000000256f0000)]
  0x0000000019fe1800 JavaThread "Build operations Thread 2" [_thread_blocked, id=19296, stack(0x00000000250f0000,0x00000000251f0000)]
  0x0000000019fe4800 JavaThread "Build operations" [_thread_blocked, id=15240, stack(0x0000000024360000,0x0000000024460000)]
  0x0000000019fde800 JavaThread "Cache worker for cache directory md-rule (C:\Users\DIMA\.gradle\caches\6.1.1\md-rule)" [_thread_blocked, id=24560, stack(0x0000000024260000,0x0000000024360000)]
  0x0000000019fe5800 JavaThread "Cache worker for cache directory md-supplier (C:\Users\DIMA\.gradle\caches\6.1.1\md-supplier)" [_thread_blocked, id=15420, stack(0x0000000021420000,0x0000000021520000)]
  0x0000000019fe4000 JavaThread "Cache worker for file hash cache (C:\Users\DIMA\AndroidStudioProjects\OldPeopleHelp\.gradle\6.1.1\fileHashes)" [_thread_blocked, id=7708, stack(0x000000001fea0000,0x000000001ffa0000)]
  0x0000000019fda000 JavaThread "Cache worker for checksums cache (C:\Users\DIMA\AndroidStudioProjects\OldPeopleHelp\.gradle\checksums)" [_thread_blocked, id=19984, stack(0x000000001f8a0000,0x000000001f9a0000)]
  0x0000000019fe1000 JavaThread "Thread-172" [_thread_blocked, id=2804, stack(0x000000001f7a0000,0x000000001f8a0000)]
  0x0000000019fdb800 JavaThread "Stdin handler" [_thread_blocked, id=11880, stack(0x000000001d8d0000,0x000000001d9d0000)]
  0x0000000019fdd000 JavaThread "Asynchronous log dispatcher for DefaultDaemonConnection: socket connection from /127.0.0.1:56679 to /127.0.0.1:57640" [_thread_blocked, id=632, stack(0x000000001d7d0000,0x000000001d8d0000)]
  0x0000000019fd9800 JavaThread "Daemon worker Thread 8" [_thread_blocked, id=23860, stack(0x000000001d4d0000,0x000000001d5d0000)]
  0x0000000019fdc800 JavaThread "Cancel handler" [_thread_blocked, id=19748, stack(0x000000001d1d0000,0x000000001d2d0000)]
  0x0000000019fdb000 JavaThread "Handler for socket connection from /127.0.0.1:56679 to /127.0.0.1:57640" [_thread_in_native, id=16556, stack(0x000000001d0d0000,0x000000001d1d0000)]
  0x0000000019fdf800 JavaThread "Daemon Thread 8" [_thread_blocked, id=7008, stack(0x0000000001580000,0x0000000001680000)]
  0x000000001ec3c800 JavaThread "Cache worker for Java compile cache (C:\Users\DIMA\.gradle\caches\6.1.1\javaCompile)" [_thread_blocked, id=13204, stack(0x0000000026050000,0x0000000026150000)]
  0x000000001ec38000 JavaThread "Cache worker for file content cache (C:\Users\DIMA\.gradle\caches\6.1.1\fileContent)" [_thread_blocked, id=564, stack(0x0000000024ff0000,0x00000000250f0000)]
  0x000000001ec36800 JavaThread "Memory manager" [_thread_blocked, id=12784, stack(0x0000000024ef0000,0x0000000024ff0000)]
  0x000000001aaee800 JavaThread "Cache worker for execution history cache (C:\Users\DIMA\.gradle\caches\6.1.1\executionHistory)" [_thread_blocked, id=11248, stack(0x000000001f9a0000,0x000000001faa0000)]
  0x000000001aaf4800 JavaThread "Cache worker for file hash cache (C:\Users\DIMA\.gradle\caches\6.1.1\fileHashes)" [_thread_blocked, id=20164, stack(0x000000001ddd0000,0x000000001ded0000)]
  0x000000001aaf1800 JavaThread "File lock request listener" [_thread_in_native, id=3148, stack(0x000000001dcd0000,0x000000001ddd0000)]
  0x000000001ab20800 JavaThread "Cache worker for journal cache (C:\Users\DIMA\.gradle\caches\journal-1)" [_thread_blocked, id=1724, stack(0x000000001dbd0000,0x000000001dcd0000)]
  0x0000000019d01800 JavaThread "Daemon periodic checks" [_thread_blocked, id=20136, stack(0x000000001cfd0000,0x000000001d0d0000)]
  0x0000000019cb1800 JavaThread "Incoming local TCP Connector on port 56679" [_thread_in_native, id=8004, stack(0x000000001cd90000,0x000000001ce90000)]
  0x000000001b2ba800 JavaThread "Daemon health stats" [_thread_blocked, id=13188, stack(0x000000001c750000,0x000000001c850000)]
  0x00000000199d0800 JavaThread "Service Thread" daemon [_thread_blocked, id=5844, stack(0x0000000019db0000,0x0000000019eb0000)]
  0x0000000018053800 JavaThread "C1 CompilerThread2" daemon [_thread_in_vm, id=20140, stack(0x00000000198b0000,0x00000000199b0000)]
  0x000000001804c800 JavaThread "C2 CompilerThread1" daemon [_thread_in_native, id=11016, stack(0x00000000197b0000,0x00000000198b0000)]
=>0x000000001804a000 JavaThread "C2 CompilerThread0" daemon [_thread_in_native, id=12136, stack(0x00000000196b0000,0x00000000197b0000)]
  0x0000000018044800 JavaThread "Attach Listener" daemon [_thread_blocked, id=6972, stack(0x00000000195b0000,0x00000000196b0000)]
  0x0000000018043800 JavaThread "Signal Dispatcher" daemon [_thread_blocked, id=21840, stack(0x00000000194b0000,0x00000000195b0000)]
  0x000000001802a000 JavaThread "Finalizer" daemon [_thread_blocked, id=7776, stack(0x00000000192b0000,0x00000000193b0000)]
  0x0000000018029800 JavaThread "Reference Handler" daemon [_thread_blocked, id=14096, stack(0x00000000191b0000,0x00000000192b0000)]
  0x000000000331e000 JavaThread "main" [_thread_blocked, id=5760, stack(0x0000000003200000,0x0000000003300000)]

Other Threads:
  0x0000000018006000 VMThread [stack: 0x00000000190b0000,0x00000000191b0000] [id=19252]
  0x000000001809d800 WatcherThread [stack: 0x0000000019eb0000,0x0000000019fb0000] [id=19648]

VM state:not at safepoint (normal execution)

VM Mutex/Monitor currently owned by a thread:  ([mutex/lock_event])
[0x000000000331cae0] CodeCache_lock - owner thread: 0x0000000000000000

heap address: 0x0000000080000000, size: 2048 MB, Compressed Oops mode: 32-bit
Narrow klass base: 0x0000000000000000, Narrow klass shift: 3
Compressed class space size: 1073741824 Address: 0x0000000100000000

Heap:
 PSYoungGen      total 320512K, used 277861K [0x00000000d5580000, 0x00000000ec280000, 0x0000000100000000)
  eden space 267264K, 88% used [0x00000000d5580000,0x00000000e3dc55a8,0x00000000e5a80000)
  from space 53248K, 75% used [0x00000000e5a80000,0x00000000e81940a8,0x00000000e8e80000)
  to   space 50176K, 0% used [0x00000000e9180000,0x00000000e9180000,0x00000000ec280000)
 ParOldGen       total 162304K, used 81938K [0x0000000080000000, 0x0000000089e80000, 0x00000000d5580000)
  object space 162304K, 50% used [0x0000000080000000,0x00000000850048f8,0x0000000089e80000)
 Metaspace       used 122129K, capacity 128516K, committed 128808K, reserved 1161216K
  class space    used 15980K, capacity 17128K, committed 17200K, reserved 1048576K

Card table byte_map: [0x00000000127e0000,0x0000000012bf0000] byte_map_base: 0x00000000123e0000

Marking Bits: (ParMarkBitMap*) 0x000000006442f030
 Begin Bits: [0x00000000132a0000, 0x00000000152a0000)
 End Bits:   [0x00000000152a0000, 0x00000000172a0000)

Polling page: 0x0000000001380000

CodeCache: size=245760Kb used=58856Kb max_used=59272Kb free=186903Kb
 bounds [0x0000000003420000, 0x0000000006e60000, 0x0000000012420000]
 total_blobs=18161 nmethods=17166 adapters=907
 compilation: enabled

Compilation events (10 events):
Event: 10511.081 Thread 0x0000000018053800 21395       1       java.awt.image.Raster::getHeight (5 bytes)
Event: 10511.082 Thread 0x0000000018053800 nmethod 21395 0x000000000364ff90 code [0x00000000036500e0, 0x00000000036501f0]
Event: 10511.085 Thread 0x0000000018053800 21398  s    2       java.awt.ColorPaintContext::getRaster (88 bytes)
Event: 10511.089 Thread 0x0000000018053800 nmethod 21398 0x00000000038e74d0 code [0x00000000038e7680, 0x00000000038e7bb8]
Event: 10511.091 Thread 0x0000000018053800 21396       1       java.awt.image.Raster::getMinY (5 bytes)
Event: 10511.092 Thread 0x0000000018053800 nmethod 21396 0x0000000003a32850 code [0x0000000003a329a0, 0x0000000003a32ab0]
Event: 10511.095 Thread 0x0000000018053800 21397       1       java.awt.image.Raster::getMinX (5 bytes)
Event: 10511.096 Thread 0x0000000018053800 nmethod 21397 0x0000000003eb6790 code [0x0000000003eb68e0, 0x0000000003eb69f0]
Event: 10511.100 Thread 0x0000000018053800 21400       2       sun.java2d.loops.Blit$GeneralMaskBlit::Blit (28 bytes)
Event: 10511.100 Thread 0x0000000018053800 nmethod 21400 0x0000000003970910 code [0x0000000003970a80, 0x0000000003970c48]

GC Heap History (10 events):
Event: 4951.327 GC heap before
{Heap before GC invocations=25 (full 4):
 PSYoungGen      total 258048K, used 255151K [0x00000000d5580000, 0x00000000e8900000, 0x0000000100000000)
  eden space 218112K, 100% used [0x00000000d5580000,0x00000000e2a80000,0x00000000e2a80000)
  from space 39936K, 92% used [0x00000000e5700000,0x00000000e7b2bed0,0x00000000e7e00000)
  to   space 45568K, 0% used [0x00000000e2a80000,0x00000000e2a80000,0x00000000e5700000)
 ParOldGen       total 162304K, used 81898K [0x0000000080000000, 0x0000000089e80000, 0x00000000d5580000)
  object space 162304K, 50% used [0x0000000080000000,0x0000000084ffa8f8,0x0000000089e80000)
 Metaspace       used 89736K, capacity 94142K, committed 94504K, reserved 1130496K
  class space    used 11890K, capacity 12700K, committed 12848K, reserved 1048576K
Event: 4951.971 GC heap after
Heap after GC invocations=25 (full 4):
 PSYoungGen      total 263680K, used 37567K [0x00000000d5580000, 0x00000000ea300000, 0x0000000100000000)
  eden space 218112K, 0% used [0x00000000d5580000,0x00000000d5580000,0x00000000e2a80000)
  from space 45568K, 82% used [0x00000000e2a80000,0x00000000e4f2ff80,0x00000000e5700000)
  to   space 50688K, 0% used [0x00000000e7180000,0x00000000e7180000,0x00000000ea300000)
 ParOldGen       total 162304K, used 81906K [0x0000000080000000, 0x0000000089e80000, 0x00000000d5580000)
  object space 162304K, 50% used [0x0000000080000000,0x0000000084ffc8f8,0x0000000089e80000)
 Metaspace       used 89736K, capacity 94142K, committed 94504K, reserved 1130496K
  class space    used 11890K, capacity 12700K, committed 12848K, reserved 1048576K
}
Event: 8686.734 GC heap before
{Heap before GC invocations=26 (full 4):
 PSYoungGen      total 263680K, used 255679K [0x00000000d5580000, 0x00000000ea300000, 0x0000000100000000)
  eden space 218112K, 100% used [0x00000000d5580000,0x00000000e2a80000,0x00000000e2a80000)
  from space 45568K, 82% used [0x00000000e2a80000,0x00000000e4f2ff80,0x00000000e5700000)
  to   space 50688K, 0% used [0x00000000e7180000,0x00000000e7180000,0x00000000ea300000)
 ParOldGen       total 162304K, used 81906K [0x0000000080000000, 0x0000000089e80000, 0x00000000d5580000)
  object space 162304K, 50% used [0x0000000080000000,0x0000000084ffc8f8,0x0000000089e80000)
 Metaspace       used 98763K, capacity 103926K, committed 104232K, reserved 1138688K
  class space    used 13045K, capacity 14038K, committed 14128K, reserved 1048576K
Event: 8687.312 GC heap after
Heap after GC invocations=26 (full 4):
 PSYoungGen      total 279552K, used 22615K [0x00000000d5580000, 0x00000000e9c00000, 0x0000000100000000)
  eden space 236032K, 0% used [0x00000000d5580000,0x00000000d5580000,0x00000000e3c00000)
  from space 43520K, 51% used [0x00000000e7180000,0x00000000e8795d48,0x00000000e9c00000)
  to   space 49152K, 0% used [0x00000000e3c00000,0x00000000e3c00000,0x00000000e6c00000)
 ParOldGen       total 162304K, used 81914K [0x0000000080000000, 0x0000000089e80000, 0x00000000d5580000)
  object space 162304K, 50% used [0x0000000080000000,0x0000000084ffe8f8,0x0000000089e80000)
 Metaspace       used 98763K, capacity 103926K, committed 104232K, reserved 1138688K
  class space    used 13045K, capacity 14038K, committed 14128K, reserved 1048576K
}
Event: 8697.219 GC heap before
{Heap before GC invocations=27 (full 4):
 PSYoungGen      total 279552K, used 258647K [0x00000000d5580000, 0x00000000e9c00000, 0x0000000100000000)
  eden space 236032K, 100% used [0x00000000d5580000,0x00000000e3c00000,0x00000000e3c00000)
  from space 43520K, 51% used [0x00000000e7180000,0x00000000e8795d48,0x00000000e9c00000)
  to   space 49152K, 0% used [0x00000000e3c00000,0x00000000e3c00000,0x00000000e6c00000)
 ParOldGen       total 162304K, used 81914K [0x0000000080000000, 0x0000000089e80000, 0x00000000d5580000)
  object space 162304K, 50% used [0x0000000080000000,0x0000000084ffe8f8,0x0000000089e80000)
 Metaspace       used 110243K, capacity 115868K, committed 116008K, reserved 1148928K
  class space    used 14811K, capacity 15840K, committed 15920K, reserved 1048576K
Event: 8697.620 GC heap after
Heap after GC invocations=27 (full 4):
 PSYoungGen      total 285184K, used 30439K [0x00000000d5580000, 0x00000000ec280000, 0x0000000100000000)
  eden space 236032K, 0% used [0x00000000d5580000,0x00000000d5580000,0x00000000e3c00000)
  from space 49152K, 61% used [0x00000000e3c00000,0x00000000e59b9ef0,0x00000000e6c00000)
  to   space 50176K, 0% used [0x00000000e9180000,0x00000000e9180000,0x00000000ec280000)
 ParOldGen       total 162304K, used 81922K [0x0000000080000000, 0x0000000089e80000, 0x00000000d5580000)
  object space 162304K, 50% used [0x0000000080000000,0x00000000850008f8,0x0000000089e80000)
 Metaspace       used 110243K, capacity 115868K, committed 116008K, reserved 1148928K
  class space    used 14811K, capacity 15840K, committed 15920K, reserved 1048576K
}
Event: 10247.057 GC heap before
{Heap before GC invocations=28 (full 4):
 PSYoungGen      total 285184K, used 266471K [0x00000000d5580000, 0x00000000ec280000, 0x0000000100000000)
  eden space 236032K, 100% used [0x00000000d5580000,0x00000000e3c00000,0x00000000e3c00000)
  from space 49152K, 61% used [0x00000000e3c00000,0x00000000e59b9ef0,0x00000000e6c00000)
  to   space 50176K, 0% used [0x00000000e9180000,0x00000000e9180000,0x00000000ec280000)
 ParOldGen       total 162304K, used 81922K [0x0000000080000000, 0x0000000089e80000, 0x00000000d5580000)
  object space 162304K, 50% used [0x0000000080000000,0x00000000850008f8,0x0000000089e80000)
 Metaspace       used 117257K, capacity 123306K, committed 123432K, reserved 1157120K
  class space    used 15512K, capacity 16651K, committed 16688K, reserved 1048576K
Event: 10248.317 GC heap after
Heap after GC invocations=28 (full 4):
 PSYoungGen      total 317440K, used 35244K [0x00000000d5580000, 0x00000000ec280000, 0x0000000100000000)
  eden space 267264K, 0% used [0x00000000d5580000,0x00000000d5580000,0x00000000e5a80000)
  from space 50176K, 70% used [0x00000000e9180000,0x00000000eb3eb050,0x00000000ec280000)
  to   space 53248K, 0% used [0x00000000e5a80000,0x00000000e5a80000,0x00000000e8e80000)
 ParOldGen       total 162304K, used 81930K [0x0000000080000000, 0x0000000089e80000, 0x00000000d5580000)
  object space 162304K, 50% used [0x0000000080000000,0x00000000850028f8,0x0000000089e80000)
 Metaspace       used 117257K, capacity 123306K, committed 123432K, reserved 1157120K
  class space    used 15512K, capacity 16651K, committed 16688K, reserved 1048576K
}
Event: 10502.309 GC heap before
{Heap before GC invocations=29 (full 4):
 PSYoungGen      total 317440K, used 302404K [0x00000000d5580000, 0x00000000ec280000, 0x0000000100000000)
  eden space 267264K, 99% used [0x00000000d5580000,0x00000000e5a660f0,0x00000000e5a80000)
  from space 50176K, 70% used [0x00000000e9180000,0x00000000eb3eb050,0x00000000ec280000)
  to   space 53248K, 0% used [0x00000000e5a80000,0x00000000e5a80000,0x00000000e8e80000)
 ParOldGen       total 162304K, used 81930K [0x0000000080000000, 0x0000000089e80000, 0x00000000d5580000)
  object space 162304K, 50% used [0x0000000080000000,0x00000000850028f8,0x0000000089e80000)
 Metaspace       used 119169K, capacity 125400K, committed 125736K, reserved 1159168K
  class space    used 15680K, capacity 16840K, committed 16944K, reserved 1048576K
Event: 10503.009 GC heap after
Heap after GC invocations=29 (full 4):
 PSYoungGen      total 320512K, used 40016K [0x00000000d5580000, 0x00000000ec280000, 0x0000000100000000)
  eden space 267264K, 0% used [0x00000000d5580000,0x00000000d5580000,0x00000000e5a80000)
  from space 53248K, 75% used [0x00000000e5a80000,0x00000000e81940a8,0x00000000e8e80000)
  to   space 50176K, 0% used [0x00000000e9180000,0x00000000e9180000,0x00000000ec280000)
 ParOldGen       total 162304K, used 81938K [0x0000000080000000, 0x0000000089e80000, 0x00000000d5580000)
  object space 162304K, 50% used [0x0000000080000000,0x00000000850048f8,0x0000000089e80000)
 Metaspace       used 119169K, capacity 125400K, committed 125736K, reserved 1159168K
  class space    used 15680K, capacity 16840K, committed 16944K, reserved 1048576K
}

Deoptimization events (10 events):
Event: 10510.821 Thread 0x00000000203b1800 Uncommon trap: reason=unstable_if action=reinterpret pc=0x0000000006d6b35c method=com.sun.org.apache.xerces.internal.dom.CoreDocumentImpl.setUserData(Lorg/w3c/dom/Node;Ljava/lang/String;Ljava/lang/Object;Lorg/w3c/dom/UserDataHandler;)Ljava/lang/Object; @ 
Event: 10510.821 Thread 0x00000000203b1800 Uncommon trap: reason=bimorphic action=maybe_recompile pc=0x0000000006d21974 method=com.sun.org.apache.xerces.internal.dom.CoreDocumentImpl.isKidOK(Lorg/w3c/dom/Node;Lorg/w3c/dom/Node;)Z @ 39
Event: 10510.821 Thread 0x00000000203b1800 Uncommon trap: reason=bimorphic action=maybe_recompile pc=0x0000000006d21974 method=com.sun.org.apache.xerces.internal.dom.CoreDocumentImpl.isKidOK(Lorg/w3c/dom/Node;Lorg/w3c/dom/Node;)Z @ 39
Event: 10510.821 Thread 0x00000000203b1800 Uncommon trap: reason=bimorphic action=maybe_recompile pc=0x0000000006d21974 method=com.sun.org.apache.xerces.internal.dom.CoreDocumentImpl.isKidOK(Lorg/w3c/dom/Node;Lorg/w3c/dom/Node;)Z @ 39
Event: 10510.854 Thread 0x00000000203b1800 Uncommon trap: reason=unstable_if action=reinterpret pc=0x0000000006bb5b28 method=com.sun.org.apache.xerces.internal.dom.ParentNode.nodeListItem(I)Lorg/w3c/dom/Node; @ 76
Event: 10510.854 Thread 0x00000000203b1800 Uncommon trap: reason=unstable_if action=reinterpret pc=0x0000000006bad38c method=com.sun.org.apache.xerces.internal.dom.ParentNode.nodeListItem(I)Lorg/w3c/dom/Node; @ 139
Event: 10510.969 Thread 0x00000000203b1800 Uncommon trap: reason=unstable_if action=reinterpret pc=0x00000000050ecc48 method=sun.nio.cs.UTF_8$Encoder.encodeArrayLoop(Ljava/nio/CharBuffer;Ljava/nio/ByteBuffer;)Ljava/nio/charset/CoderResult; @ 87
Event: 10510.971 Thread 0x00000000203b1800 Uncommon trap: reason=unstable_if action=reinterpret pc=0x0000000004a8076c method=sun.nio.cs.UTF_8$Encoder.encodeArrayLoop(Ljava/nio/CharBuffer;Ljava/nio/ByteBuffer;)Ljava/nio/charset/CoderResult; @ 87
Event: 10510.992 Thread 0x000000001ec43000 Uncommon trap: reason=unstable_if action=reinterpret pc=0x0000000004898b54 method=java.io.WinNTFileSystem.prefixLength(Ljava/lang/String;)I @ 42
Event: 10511.061 Thread 0x000000001ec43000 Uncommon trap: reason=array_check action=maybe_recompile pc=0x000000000596f4a0 method=java.util.TimSort.mergeLo(IIII)V @ 245

Classes redefined (0 events):
No events

Internal exceptions (10 events):
Event: 10510.621 Thread 0x00000000203b1800 Exception <a 'java/lang/NoSuchMethodError': <clinit>> (0x00000000e26ade48) thrown at [C:\src\AOSP-openjdk-git\hotspot\src\share\vm\prims\jni.cpp, line 1615]
Event: 10510.625 Thread 0x00000000203b1800 Exception <a 'java/lang/NoSuchMethodError': <clinit>> (0x00000000e26d7f00) thrown at [C:\src\AOSP-openjdk-git\hotspot\src\share\vm\prims\jni.cpp, line 1615]
Event: 10510.625 Thread 0x00000000203b1800 Exception <a 'java/lang/NoSuchMethodError': <clinit>> (0x00000000e26dcd00) thrown at [C:\src\AOSP-openjdk-git\hotspot\src\share\vm\prims\jni.cpp, line 1615]
Event: 10510.625 Thread 0x00000000203b1800 Exception <a 'java/lang/NoSuchMethodError': <clinit>> (0x00000000e26e0380) thrown at [C:\src\AOSP-openjdk-git\hotspot\src\share\vm\prims\jni.cpp, line 1615]
Event: 10510.626 Thread 0x00000000203b1800 Exception <a 'java/lang/NoSuchMethodError': <clinit>> (0x00000000e26f7a50) thrown at [C:\src\AOSP-openjdk-git\hotspot\src\share\vm\prims\jni.cpp, line 1615]
Event: 10510.627 Thread 0x00000000203b1800 Exception <a 'java/lang/NoSuchMethodError': <clinit>> (0x00000000e270d650) thrown at [C:\src\AOSP-openjdk-git\hotspot\src\share\vm\prims\jni.cpp, line 1615]
Event: 10510.630 Thread 0x00000000203b1800 Exception <a 'java/lang/NoSuchMethodError': <clinit>> (0x00000000e272aa48) thrown at [C:\src\AOSP-openjdk-git\hotspot\src\share\vm\prims\jni.cpp, line 1615]
Event: 10510.631 Thread 0x00000000203b1800 Exception <a 'java/lang/NoSuchMethodError': <clinit>> (0x00000000e273dcf8) thrown at [C:\src\AOSP-openjdk-git\hotspot\src\share\vm\prims\jni.cpp, line 1615]
Event: 10510.888 Thread 0x000000001ec3e800 Exception <a 'java/io/FileNotFoundException'> (0x00000000e2b71208) thrown at [C:\src\AOSP-openjdk-git\hotspot\src\share\vm\prims\jni.cpp, line 710]
Event: 10511.000 Thread 0x000000001ec43000 Exception <a 'java/io/FileNotFoundException'> (0x00000000e35953e8) thrown at [C:\src\AOSP-openjdk-git\hotspot\src\share\vm\prims\jni.cpp, line 710]

Events (10 events):
Event: 10511.125 loading class sun/java2d/marlin/DMarlinRenderingEngine$NormMode done
Event: 10511.125 loading class sun/java2d/marlin/DMarlinRenderingEngine$NormMode$1
Event: 10511.125 loading class sun/java2d/marlin/DMarlinRenderingEngine$NormMode$1 done
Event: 10511.125 loading class sun/java2d/marlin/DMarlinRenderingEngine$NormMode$2
Event: 10511.125 loading class sun/java2d/marlin/DMarlinRenderingEngine$NormMode$2 done
Event: 10511.125 loading class sun/java2d/marlin/DMarlinRenderingEngine$NormMode$3
Event: 10511.125 loading class sun/java2d/marlin/DMarlinRenderingEngine$NormMode$3 done
Event: 10511.125 loading class java/awt/geom/Path2D$Double$CopyIterator
Event: 10511.125 loading class java/awt/geom/Path2D$Double$TxIterator
Event: 10511.125 loading class java/awt/geom/Path2D$Iterator


Dynamic libraries:
0x00007ff687e60000 - 0x00007ff687e91000 	C:\Program Files\Android\Android Studio\jre\bin\java.exe
0x00007ff899f70000 - 0x00007ff89a165000 	C:\WINDOWS\SYSTEM32\ntdll.dll
0x00007ff899c30000 - 0x00007ff899ced000 	C:\WINDOWS\System32\KERNEL32.DLL
0x00007ff897d00000 - 0x00007ff897fc8000 	C:\WINDOWS\System32\KERNELBASE.dll
0x00007ff8987b0000 - 0x00007ff89885c000 	C:\WINDOWS\System32\ADVAPI32.dll
0x00007ff898d00000 - 0x00007ff898d9e000 	C:\WINDOWS\System32\msvcrt.dll
0x00007ff898be0000 - 0x00007ff898c7b000 	C:\WINDOWS\System32\sechost.dll
0x00007ff898ab0000 - 0x00007ff898bdb000 	C:\WINDOWS\System32\RPCRT4.dll
0x00007ff899580000 - 0x00007ff899720000 	C:\WINDOWS\System32\USER32.dll
0x00007ff897bc0000 - 0x00007ff897be2000 	C:\WINDOWS\System32\win32u.dll
0x00007ff899c00000 - 0x00007ff899c2a000 	C:\WINDOWS\System32\GDI32.dll
0x00007ff897bf0000 - 0x00007ff897cfb000 	C:\WINDOWS\System32\gdi32full.dll
0x00007ff897840000 - 0x00007ff8978dd000 	C:\WINDOWS\System32\msvcp_win.dll
0x00007ff897740000 - 0x00007ff897840000 	C:\WINDOWS\System32\ucrtbase.dll
0x00007ff87cb60000 - 0x00007ff87cdfa000 	C:\WINDOWS\WinSxS\amd64_microsoft.windows.common-controls_6595b64144ccf1df_6.0.19041.844_none_ca00b6081b84eb1d\COMCTL32.dll
0x00007ff898780000 - 0x00007ff8987b0000 	C:\WINDOWS\System32\IMM32.DLL
0x0000000063b80000 - 0x0000000063c52000 	C:\Program Files\Android\Android Studio\jre\jre\bin\msvcr100.dll
0x0000000063c60000 - 0x00000000644ab000 	C:\Program Files\Android\Android Studio\jre\jre\bin\server\jvm.dll
0x00007ff899570000 - 0x00007ff899578000 	C:\WINDOWS\System32\PSAPI.DLL
0x00007ff88d470000 - 0x00007ff88d479000 	C:\WINDOWS\SYSTEM32\WSOCK32.dll
0x00007ff88c890000 - 0x00007ff88c8b7000 	C:\WINDOWS\SYSTEM32\WINMM.dll
0x00007ff899720000 - 0x00007ff89978b000 	C:\WINDOWS\System32\WS2_32.dll
0x00007ff88c120000 - 0x00007ff88c12a000 	C:\WINDOWS\SYSTEM32\VERSION.dll
0x00007ff892ea0000 - 0x00007ff892eaf000 	C:\Program Files\Android\Android Studio\jre\jre\bin\verify.dll
0x00007ff892690000 - 0x00007ff8926b9000 	C:\Program Files\Android\Android Studio\jre\jre\bin\java.dll
0x00007ff8924d0000 - 0x00007ff8924e6000 	C:\Program Files\Android\Android Studio\jre\jre\bin\zip.dll
0x00007ff898e10000 - 0x00007ff899552000 	C:\WINDOWS\System32\SHELL32.dll
0x00007ff895770000 - 0x00007ff895f01000 	C:\WINDOWS\SYSTEM32\windows.storage.dll
0x00007ff8982c0000 - 0x00007ff898615000 	C:\WINDOWS\System32\combase.dll
0x00007ff896fe0000 - 0x00007ff89700c000 	C:\WINDOWS\SYSTEM32\Wldp.dll
0x00007ff8986d0000 - 0x00007ff89877e000 	C:\WINDOWS\System32\SHCORE.dll
0x00007ff898180000 - 0x00007ff8981d5000 	C:\WINDOWS\System32\shlwapi.dll
0x00007ff8975f0000 - 0x00007ff89760f000 	C:\WINDOWS\SYSTEM32\profapi.dll
0x00007ff891e70000 - 0x00007ff891e8a000 	C:\Program Files\Android\Android Studio\jre\jre\bin\net.dll
0x00007ff896d60000 - 0x00007ff896dca000 	C:\WINDOWS\system32\mswsock.dll
0x00007ff87fe50000 - 0x00007ff87fe63000 	C:\Program Files\Android\Android Studio\jre\jre\bin\nio.dll
0x00007ff892800000 - 0x00007ff892826000 	C:\Users\DIMA\.gradle\native\31\windows-amd64\native-platform.dll
0x00007ff8929d0000 - 0x00007ff8929dd000 	C:\Program Files\Android\Android Studio\jre\jre\bin\management.dll
0x00007ff897310000 - 0x00007ff897328000 	C:\WINDOWS\SYSTEM32\CRYPTSP.dll
0x00007ff896720000 - 0x00007ff896754000 	C:\WINDOWS\system32\rsaenh.dll
0x00007ff897710000 - 0x00007ff897737000 	C:\WINDOWS\System32\bcrypt.dll
0x00007ff8975b0000 - 0x00007ff8975de000 	C:\WINDOWS\SYSTEM32\USERENV.dll
0x00007ff8979e0000 - 0x00007ff897a60000 	C:\WINDOWS\System32\bcryptprimitives.dll
0x00007ff896ee0000 - 0x00007ff896eec000 	C:\WINDOWS\SYSTEM32\CRYPTBASE.dll
0x00007ff896a70000 - 0x00007ff896aab000 	C:\WINDOWS\SYSTEM32\IPHLPAPI.DLL
0x00007ff899560000 - 0x00007ff899568000 	C:\WINDOWS\System32\NSI.dll
0x00007ff890b50000 - 0x00007ff890b67000 	C:\WINDOWS\SYSTEM32\dhcpcsvc6.DLL
0x00007ff890b30000 - 0x00007ff890b4d000 	C:\WINDOWS\SYSTEM32\dhcpcsvc.DLL
0x00007ff896ab0000 - 0x00007ff896b7c000 	C:\WINDOWS\SYSTEM32\DNSAPI.dll
0x00007ff85fae0000 - 0x00007ff85fc7c000 	C:\Program Files\Android\Android Studio\jre\jre\bin\awt.dll
0x00007ff898860000 - 0x00007ff89892d000 	C:\WINDOWS\System32\OLEAUT32.dll
0x00007ff894ff0000 - 0x00007ff89501f000 	C:\WINDOWS\SYSTEM32\dwmapi.dll
0x00007ff893920000 - 0x00007ff893ee0000 	C:\WINDOWS\SYSTEM32\d2d1.dll
0x00007ff894c90000 - 0x00007ff894d20000 	C:\WINDOWS\SYSTEM32\apphelp.dll
0x00007ff894e20000 - 0x00007ff894ebe000 	C:\WINDOWS\system32\uxtheme.dll

VM Arguments:
jvm_args: -Xmx2048m -Dfile.encoding=windows-1252 -Duser.country=US -Duser.language=en -Duser.variant 
java_command: org.gradle.launcher.daemon.bootstrap.GradleDaemon 6.1.1
java_class_path (initial): C:\Users\DIMA\.gradle\wrapper\dists\gradle-6.1.1-all\cfmwm155h49vnt3hynmlrsdst\gradle-6.1.1\lib\gradle-launcher-6.1.1.jar
Launcher Type: SUN_STANDARD

Environment Variables:
PATH=C:\Program Files (x86)\VMware\VMware Workstation\bin\;C:\Program Files\Python39\Scripts\;C:\Program Files\Python39\;C:\Program Files\Java\jdk-13.0.2\bin;C:\ProgramData\Oracle\Java\javapath;C:\Oracle\Middleware\Oracle_FRHome1\bin;C:\oraclexe\app\oracle\product\11.2.0\server\bin;C:\oraclexe\app\oracle\product\11.2.0\server\bin;C:\WINDOWS\system32;C:\WINDOWS;C:\WINDOWS\System32\Wbem;C:\WINDOWS\System32\WindowsPowerShell\v1.0\;C:\WINDOWS\System32\OpenSSH\;C:\MinGW\bin;C:\Program Files (x86)\GnuWin32;C:\MAMP\bin\mysql\bin;C:\Oracle\Middleware\Oracle_FRHome1\opmn\bin;C:\Oracle\Middleware\Oracle_FRHome1\opmn\lib;C:\Oracle\Middleware\Oracle_FRHome1\perl\bin;C:\Program Files (x86)\BaseX\bin;C:\Program Files (x86)\QuickTime\QTSystem\;C:\Program Files\Git\cmd;C:\Program Files\Microsoft SQL Server\Client SDK\ODBC\170\Tools\Binn\;C:\Program Files (x86)\Microsoft SQL Server\150\Tools\Binn\;C:\Program Files\Microsoft SQL Server\150\Tools\Binn\;C:\Program Files\Microsoft SQL Server\150\DTS\Binn\;C:\Program Files (x86)\Microsoft SQL Server\150\DTS\Binn\;C:\Program Files\Azure Data Studio\bin;C:\Program Files\Microsoft SQL Server\130\Tools\Binn\;C:\Program Files (x86)\Microsoft SQL Server\110\DTS\Binn\;C:\Program Files (x86)\Microsoft SQL Server\120\DTS\Binn\;C:\Program Files (x86)\Microsoft SQL Server\130\DTS\Binn\;C:\Program Files (x86)\Microsoft SQL Server\140\DTS\Binn\;C:\Users\DIMA\AppData\Local\Microsoft\WindowsApps;C:\PHP;C:\Users\DIMA\Apache24;C:\ProgramData\DIMA\atom\bin;C:\Users\DIMA\AppData\Local\Microsoft\WindowsApps;C:\Program Files\CodeBlocks\MinGW\bin;;C:\Program Files\Azure Data Studio\bin
USERNAME=DIMA
LD_LIBRARY_PATH=C:\Oracle\Middleware\Oracle_FRHome1\lib
OS=Windows_NT
PROCESSOR_IDENTIFIER=Intel64 Family 6 Model 58 Stepping 9, GenuineIntel



---------------  S Y S T E M  ---------------

OS: Windows 10.0 , 64 bit Build 19041 (10.0.19041.928)

CPU:total 4 (initial active 4) (2 cores per cpu, 2 threads per core) family 6 model 58 stepping 9, cmov, cx8, fxsr, mmx, sse, sse2, sse3, ssse3, sse4.1, sse4.2, popcnt, avx, aes, clmul, erms, ht, tsc, tscinvbit, tscinv

Memory: 4k page, physical 4054508k(283352k free), swap 16637420k(6036k free)

vm_info: OpenJDK 64-Bit Server VM (25.242-b01) for windows-amd64 JRE (1.8.0_242-release-1644-b01), built by "builder" with MS VC++ 10.0 (VS2010)

time: Mon May 31 15:19:22 2021
timezone: Morocco Daylight Time
elapsed time: 10511 seconds (0d 2h 55m 11s)

