#
# There is insufficient memory for the Java Runtime Environment to continue.
# Native memory allocation (malloc) failed to allocate 1244816 bytes for Chunk::new
# Possible reasons:
#   The system is out of physical RAM or swap space
#   The process is running with CompressedOops enabled, and the Java Heap may be blocking the growth of the native heap
# Possible solutions:
#   Reduce memory load on the system
#   Increase physical memory or swap space
#   Check if swap backing store is full
#   Decrease Java heap size (-Xmx/-Xms)
#   Decrease number of Java threads
#   Decrease Java thread stack sizes (-Xss)
#   Set larger code cache with -XX:ReservedCodeCacheSize=
#   JVM is running with Unscaled Compressed Oops mode in which the Java heap is
#     placed in the first 4GB address space. The Java Heap base address is the
#     maximum limit for the native heap growth. Please use -XX:HeapBaseMinAddress
#     to set the Java Heap base and to place the Java Heap above 4GB virtual address.
# This output file may be truncated or incomplete.
#
#  Out of Memory Error (allocation.cpp:389), pid=24304, tid=0x0000000000004ad0
#
# JRE version: OpenJDK Runtime Environment (8.0_242-b01) (build 1.8.0_242-release-1644-b01)
# Java VM: OpenJDK 64-Bit Server VM (25.242-b01 mixed mode windows-amd64 compressed oops)
# Failed to write core dump. Minidumps are not enabled by default on client versions of Windows
#

---------------  T H R E A D  ---------------

Current thread (0x00000000174ea000):  JavaThread "C2 CompilerThread0" daemon [_thread_in_native, id=19152, stack(0x0000000018b40000,0x0000000018c40000)]

Stack: [0x0000000018b40000,0x0000000018c40000]
[error occurred during error reporting (printing stack bounds), id 0xc0000005]

Native frames: (J=compiled Java code, j=interpreted, Vv=VM code, C=native code)


Current CompileTask:
C2:  68896 14146       4       com.android.tools.r8.ir.conversion.N::a (3075 bytes)


---------------  P R O C E S S  ---------------

Java Threads: ( => current thread )
  0x000000001f03a000 JavaThread "stdout" [_thread_in_native, id=6132, stack(0x0000000025990000,0x0000000025a90000)]
  0x000000001f038800 JavaThread "stderr" [_thread_in_native, id=8664, stack(0x0000000025890000,0x0000000025990000)]
  0x000000001f037800 JavaThread "pool-2-thread-1" [_thread_blocked, id=7252, stack(0x0000000025790000,0x0000000025890000)]
  0x000000001f037000 JavaThread "WorkerExecutor Queue" [_thread_blocked, id=5700, stack(0x0000000024c80000,0x0000000024d80000)]
  0x000000001f034000 JavaThread "Cache worker for execution history cache (C:\Users\DIMA\AndroidStudioProjects\OldPeopleHelp\.gradle\6.1.1\executionHistory)" [_thread_blocked, id=24152, stack(0x0000000024980000,0x0000000024a80000)]
  0x000000001f031000 JavaThread "Execution worker for ':' Thread 3" [_thread_in_Java, id=20428, stack(0x0000000024f90000,0x0000000025090000)]
  0x000000001f02f800 JavaThread "Execution worker for ':' Thread 2" [_thread_in_native, id=13200, stack(0x0000000024e90000,0x0000000024f90000)]
  0x000000001a03b800 JavaThread "Execution worker for ':'" [_thread_in_Java, id=4904, stack(0x0000000024d90000,0x0000000024e90000)]
  0x000000001a038800 JavaThread "Cache worker for file content cache (C:\Users\DIMA\AndroidStudioProjects\OldPeopleHelp\.gradle\6.1.1\fileContent)" [_thread_blocked, id=808, stack(0x00000000241c0000,0x00000000242c0000)]
  0x000000001a037800 JavaThread "Cache worker for file content cache (C:\Users\DIMA\.gradle\caches\6.1.1\fileContent)" [_thread_blocked, id=5804, stack(0x00000000240c0000,0x00000000241c0000)]
  0x000000001a037000 JavaThread "Memory manager" [_thread_blocked, id=19368, stack(0x0000000023fc0000,0x00000000240c0000)]
  0x000000001a02f800 JavaThread "Cache worker for Build Output Cleanup Cache (C:\Users\DIMA\AndroidStudioProjects\OldPeopleHelp\.gradle\buildOutputCleanup)" [_thread_blocked, id=9224, stack(0x0000000022030000,0x0000000022130000)]
  0x000000001a033000 JavaThread "Build operations Thread 4" [_thread_blocked, id=2112, stack(0x0000000021d30000,0x0000000021e30000)]
  0x000000001a02e000 JavaThread "Build operations Thread 3" [_thread_blocked, id=11744, stack(0x0000000021c30000,0x0000000021d30000)]
  0x000000001a031000 JavaThread "Build operations Thread 2" [_thread_blocked, id=24372, stack(0x0000000021b30000,0x0000000021c30000)]
  0x000000001a032800 JavaThread "Build operations" [_thread_blocked, id=11532, stack(0x0000000021a30000,0x0000000021b30000)]
  0x00000000174f7800 JavaThread "Cache worker for execution history cache (C:\Users\DIMA\.gradle\caches\6.1.1\executionHistory)" [_thread_blocked, id=15476, stack(0x0000000020f30000,0x0000000021030000)]
  0x00000000174fa000 JavaThread "Cache worker for cache directory md-rule (C:\Users\DIMA\.gradle\caches\6.1.1\md-rule)" [_thread_blocked, id=22484, stack(0x0000000020a30000,0x0000000020b30000)]
  0x00000000174fd000 JavaThread "Cache worker for cache directory md-supplier (C:\Users\DIMA\.gradle\caches\6.1.1\md-supplier)" [_thread_blocked, id=21608, stack(0x000000001f900000,0x000000001fa00000)]
  0x00000000174fd800 JavaThread "Cache worker for file hash cache (C:\Users\DIMA\AndroidStudioProjects\OldPeopleHelp\.gradle\6.1.1\fileHashes)" [_thread_blocked, id=12704, stack(0x000000001f600000,0x000000001f700000)]
  0x00000000174fc000 JavaThread "Cache worker for checksums cache (C:\Users\DIMA\AndroidStudioProjects\OldPeopleHelp\.gradle\checksums)" [_thread_blocked, id=24104, stack(0x0000000020e30000,0x0000000020f30000)]
  0x00000000174fb800 JavaThread "Cache worker for file hash cache (C:\Users\DIMA\.gradle\caches\6.1.1\fileHashes)" [_thread_blocked, id=21696, stack(0x000000001d260000,0x000000001d360000)]
  0x00000000174f6800 JavaThread "File lock request listener" [_thread_in_native, id=17536, stack(0x000000001d160000,0x000000001d260000)]
  0x000000001946f000 JavaThread "Cache worker for journal cache (C:\Users\DIMA\.gradle\caches\journal-1)" [_thread_blocked, id=21156, stack(0x000000001d060000,0x000000001d160000)]
  0x000000001a798000 JavaThread "Thread-9" [_thread_blocked, id=12272, stack(0x000000001bd90000,0x000000001be90000)]
  0x00000000195ac000 JavaThread "Stdin handler" [_thread_blocked, id=17204, stack(0x000000001bc90000,0x000000001bd90000)]
  0x000000001a01f800 JavaThread "Asynchronous log dispatcher for DefaultDaemonConnection: socket connection from /127.0.0.1:57658 to /127.0.0.1:57659" [_thread_blocked, id=6152, stack(0x000000001bb90000,0x000000001bc90000)]
  0x000000001923e000 JavaThread "Daemon worker" [_thread_in_Java, id=15160, stack(0x000000001ba90000,0x000000001bb90000)]
  0x0000000019b6f800 JavaThread "Cancel handler" [_thread_blocked, id=14776, stack(0x000000001b990000,0x000000001ba90000)]
  0x0000000019f9f800 JavaThread "Handler for socket connection from /127.0.0.1:57658 to /127.0.0.1:57659" [_thread_in_native, id=7864, stack(0x000000001b690000,0x000000001b790000)]
  0x0000000019f9a000 JavaThread "Daemon" [_thread_blocked, id=9584, stack(0x000000001b590000,0x000000001b690000)]
  0x00000000199f9800 JavaThread "Daemon periodic checks" [_thread_blocked, id=8764, stack(0x000000001b490000,0x000000001b590000)]
  0x000000001a466800 JavaThread "Incoming local TCP Connector on port 57658" [_thread_in_native, id=5692, stack(0x000000001b250000,0x000000001b350000)]
  0x0000000018fe0000 JavaThread "Daemon health stats" [_thread_blocked, id=20276, stack(0x000000001ac10000,0x000000001ad10000)]
  0x0000000018e79800 JavaThread "Service Thread" daemon [_thread_blocked, id=17280, stack(0x0000000019240000,0x0000000019340000)]
  0x00000000174fa800 JavaThread "C1 CompilerThread2" daemon [_thread_blocked, id=9076, stack(0x0000000018d40000,0x0000000018e40000)]
  0x00000000174f2800 JavaThread "C2 CompilerThread1" daemon [_thread_in_native, id=18208, stack(0x0000000018c40000,0x0000000018d40000)]
=>0x00000000174ea000 JavaThread "C2 CompilerThread0" daemon [_thread_in_native, id=19152, stack(0x0000000018b40000,0x0000000018c40000)]
  0x00000000174e6000 JavaThread "Attach Listener" daemon [_thread_blocked, id=640, stack(0x0000000018a40000,0x0000000018b40000)]
  0x00000000174e3800 JavaThread "Signal Dispatcher" daemon [_thread_blocked, id=3140, stack(0x0000000018940000,0x0000000018a40000)]
  0x00000000028bb800 JavaThread "Finalizer" daemon [_thread_blocked, id=14932, stack(0x0000000018740000,0x0000000018840000)]
  0x00000000174c9000 JavaThread "Reference Handler" daemon [_thread_blocked, id=6968, stack(0x0000000018640000,0x0000000018740000)]
  0x00000000025de000 JavaThread "main" [_thread_blocked, id=22160, stack(0x00000000026c0000,0x00000000027c0000)]

Other Threads:
  0x00000000174a5800 VMThread [stack: 0x0000000018540000,0x0000000018640000] [id=7396]
  0x000000001753b000 WatcherThread [stack: 0x0000000019340000,0x0000000019440000] [id=16020]

VM state:not at safepoint (normal execution)

VM Mutex/Monitor currently owned by a thread: None

heap address: 0x0000000080000000, size: 2048 MB, Compressed Oops mode: 32-bit
Narrow klass base: 0x0000000000000000, Narrow klass shift: 3
Compressed class space size: 1073741824 Address: 0x0000000100000000

Heap:
 PSYoungGen      total 330752K, used 145712K [0x00000000d5580000, 0x00000000ebd80000, 0x0000000100000000)
  eden space 296448K, 44% used [0x00000000d5580000,0x00000000dd614740,0x00000000e7700000)
  from space 34304K, 40% used [0x00000000e7700000,0x00000000e84b7ab0,0x00000000e9880000)
  to   space 35328K, 0% used [0x00000000e9880000,0x00000000e9880000,0x00000000ebb00000)
 ParOldGen       total 159232K, used 102800K [0x0000000080000000, 0x0000000089b80000, 0x00000000d5580000)
  object space 159232K, 64% used [0x0000000080000000,0x0000000086464360,0x0000000089b80000)
 Metaspace       used 77724K, capacity 81420K, committed 81576K, reserved 1120256K
  class space    used 10409K, capacity 11133K, committed 11184K, reserved 1048576K

Card table byte_map: [0x0000000011c80000,0x0000000012090000] byte_map_base: 0x0000000011880000

Marking Bits: (ParMarkBitMap*) 0x000000006442f030
 Begin Bits: [0x0000000012740000, 0x0000000014740000)
 End Bits:   [0x0000000014740000, 0x0000000016740000)

Polling page: 0x0000000002540000

CodeCache: size=245760Kb used=41235Kb max_used=41235Kb free=204524Kb
 bounds [0x00000000028c0000, 0x0000000005130000, 0x00000000118c0000]
 total_blobs=13195 nmethods=12356 adapters=749
 compilation: enabled

Compilation events (10 events):
Event: 68.461 Thread 0x00000000174fa800 14190       2       java.nio.channels.Channels::writeFullyImpl (33 bytes)
Event: 68.462 Thread 0x00000000174fa800 nmethod 14190 0x0000000005128cd0 code [0x0000000005128e60, 0x00000000051290d8]
Event: 68.473 Thread 0x00000000174fa800 14191       1       java.util.concurrent.TimeUnit$3::toMillis (2 bytes)
Event: 68.473 Thread 0x00000000174fa800 nmethod 14191 0x0000000005129250 code [0x00000000051293a0, 0x00000000051294b0]
Event: 68.511 Thread 0x00000000174fa800 14192       3       com.android.tools.r8.ir.conversion.O::a (337 bytes)
Event: 68.515 Thread 0x00000000174fa800 nmethod 14192 0x0000000005129510 code [0x0000000005129a80, 0x000000000512c888]
Event: 68.536 Thread 0x00000000174fa800 14193 %     3       sun.util.calendar.ZoneInfo::getTransitionIndex @ 12 (156 bytes)
Event: 68.537 Thread 0x00000000174fa800 nmethod 14193% 0x000000000512e610 code [0x000000000512e7a0, 0x000000000512ecd0]
Event: 68.787 Thread 0x00000000174fa800 14195       2       com.android.tools.r8.ir.conversion.N::c (119 bytes)
Event: 68.788 Thread 0x00000000174fa800 nmethod 14195 0x000000000512f0d0 code [0x000000000512f2a0, 0x000000000512f608]

GC Heap History (10 events):
Event: 58.208 GC heap before
{Heap before GC invocations=25 (full 4):
 PSYoungGen      total 284672K, used 264941K [0x00000000d5580000, 0x00000000e9200000, 0x0000000100000000)
  eden space 250368K, 100% used [0x00000000d5580000,0x00000000e4a00000,0x00000000e4a00000)
  from space 34304K, 42% used [0x00000000e7080000,0x00000000e7ebb528,0x00000000e9200000)
  to   space 36864K, 0% used [0x00000000e4a00000,0x00000000e4a00000,0x00000000e6e00000)
 ParOldGen       total 159232K, used 85600K [0x0000000080000000, 0x0000000089b80000, 0x00000000d5580000)
  object space 159232K, 53% used [0x0000000080000000,0x0000000085398350,0x0000000089b80000)
 Metaspace       used 76176K, capacity 79566K, committed 79784K, reserved 1118208K
  class space    used 10243K, capacity 10916K, committed 10928K, reserved 1048576K
Event: 58.271 GC heap after
Heap after GC invocations=25 (full 4):
 PSYoungGen      total 287232K, used 15896K [0x00000000d5580000, 0x00000000ebb00000, 0x0000000100000000)
  eden space 250368K, 0% used [0x00000000d5580000,0x00000000d5580000,0x00000000e4a00000)
  from space 36864K, 43% used [0x00000000e4a00000,0x00000000e59863e8,0x00000000e6e00000)
  to   space 35328K, 0% used [0x00000000e9880000,0x00000000e9880000,0x00000000ebb00000)
 ParOldGen       total 159232K, used 85608K [0x0000000080000000, 0x0000000089b80000, 0x00000000d5580000)
  object space 159232K, 53% used [0x0000000080000000,0x000000008539a350,0x0000000089b80000)
 Metaspace       used 76176K, capacity 79566K, committed 79784K, reserved 1118208K
  class space    used 10243K, capacity 10916K, committed 10928K, reserved 1048576K
}
Event: 60.015 GC heap before
{Heap before GC invocations=26 (full 4):
 PSYoungGen      total 287232K, used 266264K [0x00000000d5580000, 0x00000000ebb00000, 0x0000000100000000)
  eden space 250368K, 100% used [0x00000000d5580000,0x00000000e4a00000,0x00000000e4a00000)
  from space 36864K, 43% used [0x00000000e4a00000,0x00000000e59863e8,0x00000000e6e00000)
  to   space 35328K, 0% used [0x00000000e9880000,0x00000000e9880000,0x00000000ebb00000)
 ParOldGen       total 159232K, used 85608K [0x0000000080000000, 0x0000000089b80000, 0x00000000d5580000)
  object space 159232K, 53% used [0x0000000080000000,0x000000008539a350,0x0000000089b80000)
 Metaspace       used 76223K, capacity 79582K, committed 79784K, reserved 1118208K
  class space    used 10247K, capacity 10920K, committed 10928K, reserved 1048576K
Event: 60.085 GC heap after
Heap after GC invocations=26 (full 4):
 PSYoungGen      total 331776K, used 18331K [0x00000000d5580000, 0x00000000ebd80000, 0x0000000100000000)
  eden space 296448K, 0% used [0x00000000d5580000,0x00000000d5580000,0x00000000e7700000)
  from space 35328K, 51% used [0x00000000e9880000,0x00000000eaa66e10,0x00000000ebb00000)
  to   space 34304K, 0% used [0x00000000e7700000,0x00000000e7700000,0x00000000e9880000)
 ParOldGen       total 159232K, used 85608K [0x0000000080000000, 0x0000000089b80000, 0x00000000d5580000)
  object space 159232K, 53% used [0x0000000080000000,0x000000008539a350,0x0000000089b80000)
 Metaspace       used 76223K, capacity 79582K, committed 79784K, reserved 1118208K
  class space    used 10247K, capacity 10920K, committed 10928K, reserved 1048576K
}
Event: 62.586 GC heap before
{Heap before GC invocations=27 (full 4):
 PSYoungGen      total 331776K, used 314779K [0x00000000d5580000, 0x00000000ebd80000, 0x0000000100000000)
  eden space 296448K, 100% used [0x00000000d5580000,0x00000000e7700000,0x00000000e7700000)
  from space 35328K, 51% used [0x00000000e9880000,0x00000000eaa66e10,0x00000000ebb00000)
  to   space 34304K, 0% used [0x00000000e7700000,0x00000000e7700000,0x00000000e9880000)
 ParOldGen       total 159232K, used 85608K [0x0000000080000000, 0x0000000089b80000, 0x00000000d5580000)
  object space 159232K, 53% used [0x0000000080000000,0x000000008539a350,0x0000000089b80000)
 Metaspace       used 76331K, capacity 79694K, committed 79912K, reserved 1118208K
  class space    used 10261K, capacity 10954K, committed 11056K, reserved 1048576K
Event: 62.692 GC heap after
Heap after GC invocations=27 (full 4):
 PSYoungGen      total 330752K, used 10496K [0x00000000d5580000, 0x00000000ebd80000, 0x0000000100000000)
  eden space 296448K, 0% used [0x00000000d5580000,0x00000000d5580000,0x00000000e7700000)
  from space 34304K, 30% used [0x00000000e7700000,0x00000000e8140000,0x00000000e9880000)
  to   space 35328K, 0% used [0x00000000e9880000,0x00000000e9880000,0x00000000ebb00000)
 ParOldGen       total 159232K, used 96904K [0x0000000080000000, 0x0000000089b80000, 0x00000000d5580000)
  object space 159232K, 60% used [0x0000000080000000,0x0000000085ea22f8,0x0000000089b80000)
 Metaspace       used 76331K, capacity 79694K, committed 79912K, reserved 1118208K
  class space    used 10261K, capacity 10954K, committed 11056K, reserved 1048576K
}
Event: 65.287 GC heap before
{Heap before GC invocations=28 (full 4):
 PSYoungGen      total 330752K, used 306944K [0x00000000d5580000, 0x00000000ebd80000, 0x0000000100000000)
  eden space 296448K, 100% used [0x00000000d5580000,0x00000000e7700000,0x00000000e7700000)
  from space 34304K, 30% used [0x00000000e7700000,0x00000000e8140000,0x00000000e9880000)
  to   space 35328K, 0% used [0x00000000e9880000,0x00000000e9880000,0x00000000ebb00000)
 ParOldGen       total 159232K, used 96904K [0x0000000080000000, 0x0000000089b80000, 0x00000000d5580000)
  object space 159232K, 60% used [0x0000000080000000,0x0000000085ea22f8,0x0000000089b80000)
 Metaspace       used 77429K, capacity 81112K, committed 81320K, reserved 1120256K
  class space    used 10392K, capacity 11123K, committed 11184K, reserved 1048576K
Event: 65.333 GC heap after
Heap after GC invocations=28 (full 4):
 PSYoungGen      total 331776K, used 8598K [0x00000000d5580000, 0x00000000ebd80000, 0x0000000100000000)
  eden space 296448K, 0% used [0x00000000d5580000,0x00000000d5580000,0x00000000e7700000)
  from space 35328K, 24% used [0x00000000e9880000,0x00000000ea0e5ac0,0x00000000ebb00000)
  to   space 34304K, 0% used [0x00000000e7700000,0x00000000e7700000,0x00000000e9880000)
 ParOldGen       total 159232K, used 100708K [0x0000000080000000, 0x0000000089b80000, 0x00000000d5580000)
  object space 159232K, 63% used [0x0000000080000000,0x0000000086259350,0x0000000089b80000)
 Metaspace       used 77429K, capacity 81112K, committed 81320K, reserved 1120256K
  class space    used 10392K, capacity 11123K, committed 11184K, reserved 1048576K
}
Event: 67.375 GC heap before
{Heap before GC invocations=29 (full 4):
 PSYoungGen      total 331776K, used 305046K [0x00000000d5580000, 0x00000000ebd80000, 0x0000000100000000)
  eden space 296448K, 100% used [0x00000000d5580000,0x00000000e7700000,0x00000000e7700000)
  from space 35328K, 24% used [0x00000000e9880000,0x00000000ea0e5ac0,0x00000000ebb00000)
  to   space 34304K, 0% used [0x00000000e7700000,0x00000000e7700000,0x00000000e9880000)
 ParOldGen       total 159232K, used 100708K [0x0000000080000000, 0x0000000089b80000, 0x00000000d5580000)
  object space 159232K, 63% used [0x0000000080000000,0x0000000086259350,0x0000000089b80000)
 Metaspace       used 77709K, capacity 81420K, committed 81576K, reserved 1120256K
  class space    used 10409K, capacity 11133K, committed 11184K, reserved 1048576K
Event: 67.427 GC heap after
Heap after GC invocations=29 (full 4):
 PSYoungGen      total 330752K, used 14046K [0x00000000d5580000, 0x00000000ebd80000, 0x0000000100000000)
  eden space 296448K, 0% used [0x00000000d5580000,0x00000000d5580000,0x00000000e7700000)
  from space 34304K, 40% used [0x00000000e7700000,0x00000000e84b7ab0,0x00000000e9880000)
  to   space 35328K, 0% used [0x00000000e9880000,0x00000000e9880000,0x00000000ebb00000)
 ParOldGen       total 159232K, used 102800K [0x0000000080000000, 0x0000000089b80000, 0x00000000d5580000)
  object space 159232K, 64% used [0x0000000080000000,0x0000000086464360,0x0000000089b80000)
 Metaspace       used 77709K, capacity 81420K, committed 81576K, reserved 1120256K
  class space    used 10409K, capacity 11133K, committed 11184K, reserved 1048576K
}

Deoptimization events (10 events):
Event: 65.743 Thread 0x000000001f031000 Uncommon trap: reason=bimorphic action=maybe_recompile pc=0x00000000044c3060 method=java.io.BufferedOutputStream.flushBuffer()V @ 20
Event: 65.835 Thread 0x000000001f031000 Uncommon trap: reason=class_check action=maybe_recompile pc=0x00000000044c41d8 method=java.util.Spliterators$1Adapter.hasNext()Z @ 12
Event: 65.835 Thread 0x000000001f031000 Uncommon trap: reason=class_check action=maybe_recompile pc=0x00000000044c41d8 method=java.util.Spliterators$1Adapter.hasNext()Z @ 12
Event: 65.836 Thread 0x000000001f031000 Uncommon trap: reason=unstable_if action=reinterpret pc=0x00000000035758a4 method=java.util.concurrent.ArrayBlockingQueue.dequeue()Ljava/lang/Object; @ 32
Event: 66.007 Thread 0x000000001f031000 Uncommon trap: reason=class_check action=maybe_recompile pc=0x000000000489f828 method=java.util.Collections$SetFromMap.<init>(Ljava/util/Map;)V @ 5
Event: 66.007 Thread 0x000000001f031000 Uncommon trap: reason=class_check action=maybe_recompile pc=0x000000000489f828 method=java.util.Collections$SetFromMap.<init>(Ljava/util/Map;)V @ 5
Event: 67.218 Thread 0x000000001f031000 Uncommon trap: reason=class_check action=maybe_recompile pc=0x000000000489f828 method=java.util.Collections$SetFromMap.<init>(Ljava/util/Map;)V @ 5
Event: 67.218 Thread 0x000000001f031000 Uncommon trap: reason=class_check action=maybe_recompile pc=0x000000000489f828 method=java.util.Collections$SetFromMap.<init>(Ljava/util/Map;)V @ 5
Event: 67.237 Thread 0x000000001f031000 Uncommon trap: reason=unstable_if action=reinterpret pc=0x0000000002bc99d8 method=com.android.tools.r8.graph.u0$d.c()V @ 785
Event: 68.209 Thread 0x000000001f031000 Uncommon trap: reason=unstable_if action=reinterpret pc=0x0000000004e1ecf8 method=com.android.tools.r8.ir.conversion.o.d(I)Lcom/android/tools/r8/u/b/S0; @ 102

Classes redefined (0 events):
No events

Internal exceptions (10 events):
Event: 51.171 Thread 0x000000001f031000 Exception <a 'java/lang/NoSuchMethodError': java.lang.Object.lambda$maxBy$1(Ljava/util/Comparator;Ljava/lang/Object;Ljava/lang/Object;)Ljava/lang/Object;> (0x00000000d9df6f60) thrown at [C:\src\AOSP-openjdk-git\hotspot\src\share\vm\interpreter\linkResolve
Event: 52.261 Thread 0x000000001923e000 Implicit null exception at 0x0000000004669b3c to 0x0000000004672045
Event: 65.201 Thread 0x000000001f031000 Exception <a 'sun/nio/fs/WindowsException'> (0x00000000e59a6608) thrown at [C:\src\AOSP-openjdk-git\hotspot\src\share\vm\prims\jni.cpp, line 710]
Event: 65.681 Thread 0x000000001f031000 Exception <a 'sun/nio/fs/WindowsException'> (0x00000000d5745758) thrown at [C:\src\AOSP-openjdk-git\hotspot\src\share\vm\prims\jni.cpp, line 710]
Event: 66.006 Thread 0x000000001f031000 Exception <a 'sun/nio/fs/WindowsException'> (0x00000000db6cf068) thrown at [C:\src\AOSP-openjdk-git\hotspot\src\share\vm\prims\jni.cpp, line 710]
Event: 66.404 Thread 0x000000001f031000 Exception <a 'sun/nio/fs/WindowsException'> (0x00000000df18d108) thrown at [C:\src\AOSP-openjdk-git\hotspot\src\share\vm\prims\jni.cpp, line 710]
Event: 66.784 Thread 0x000000001f031000 Exception <a 'sun/nio/fs/WindowsException'> (0x00000000df1c3030) thrown at [C:\src\AOSP-openjdk-git\hotspot\src\share\vm\prims\jni.cpp, line 710]
Event: 67.217 Thread 0x000000001f031000 Exception <a 'sun/nio/fs/WindowsException'> (0x00000000e5777db8) thrown at [C:\src\AOSP-openjdk-git\hotspot\src\share\vm\prims\jni.cpp, line 710]
Event: 67.302 Thread 0x000000001f02f800 Exception <a 'sun/nio/fs/WindowsException'> (0x00000000e515e388) thrown at [C:\src\AOSP-openjdk-git\hotspot\src\share\vm\prims\jni.cpp, line 710]
Event: 68.230 Thread 0x000000001f02f800 Exception <a 'sun/nio/fs/WindowsException'> (0x00000000d60aecb0) thrown at [C:\src\AOSP-openjdk-git\hotspot\src\share\vm\prims\jni.cpp, line 710]

Events (10 events):
Event: 68.223 Thread 0x000000001f02f800 DEOPT PACKING pc=0x0000000004421e94 sp=0x0000000024f8f0a0
Event: 68.223 Thread 0x000000001f02f800 DEOPT UNPACKING pc=0x00000000029075d0 sp=0x0000000024f8ee80 mode 0
Event: 68.251 Thread 0x000000001923e000 DEOPT PACKING pc=0x0000000003271199 sp=0x000000001bb872c0
Event: 68.251 Thread 0x000000001923e000 DEOPT UNPACKING pc=0x00000000029075d0 sp=0x000000001bb870b0 mode 0
Event: 68.479 Thread 0x000000001a03b800 DEOPT PACKING pc=0x0000000004889193 sp=0x0000000024e89f40
Event: 68.479 Thread 0x000000001a03b800 DEOPT UNPACKING pc=0x00000000029075d0 sp=0x0000000024e89f78 mode 0
Event: 68.549 Thread 0x000000001f02f800 DEOPT PACKING pc=0x0000000004196fe4 sp=0x0000000024f8afe0
Event: 68.549 Thread 0x000000001f02f800 DEOPT UNPACKING pc=0x00000000029075d0 sp=0x0000000024f8ae98 mode 0
Event: 68.846 Thread 0x000000001923e000 DEOPT PACKING pc=0x00000000047e29a7 sp=0x000000001bb86c90
Event: 68.847 Thread 0x000000001923e000 DEOPT UNPACKING pc=0x00000000029075d0 sp=0x000000001bb869b0 mode 0


Dynamic libraries:
0x00007ff687e60000 - 0x00007ff687e91000 	C:\Program Files\Android\Android Studio\jre\bin\java.exe
0x00007ff899f70000 - 0x00007ff89a165000 	C:\WINDOWS\SYSTEM32\ntdll.dll
0x00007ff899c30000 - 0x00007ff899ced000 	C:\WINDOWS\System32\KERNEL32.DLL
0x00007ff897d00000 - 0x00007ff897fc8000 	C:\WINDOWS\System32\KERNELBASE.dll
0x00007ff8987b0000 - 0x00007ff89885c000 	C:\WINDOWS\System32\ADVAPI32.dll
0x00007ff898d00000 - 0x00007ff898d9e000 	C:\WINDOWS\System32\msvcrt.dll
0x00007ff898be0000 - 0x00007ff898c7b000 	C:\WINDOWS\System32\sechost.dll
0x00007ff898ab0000 - 0x00007ff898bdb000 	C:\WINDOWS\System32\RPCRT4.dll
0x00007ff899580000 - 0x00007ff899720000 	C:\WINDOWS\System32\USER32.dll
0x00007ff897bc0000 - 0x00007ff897be2000 	C:\WINDOWS\System32\win32u.dll
0x00007ff899c00000 - 0x00007ff899c2a000 	C:\WINDOWS\System32\GDI32.dll
0x00007ff897bf0000 - 0x00007ff897cfb000 	C:\WINDOWS\System32\gdi32full.dll
0x00007ff897840000 - 0x00007ff8978dd000 	C:\WINDOWS\System32\msvcp_win.dll
0x00007ff897740000 - 0x00007ff897840000 	C:\WINDOWS\System32\ucrtbase.dll
0x00007ff87cb60000 - 0x00007ff87cdfa000 	C:\WINDOWS\WinSxS\amd64_microsoft.windows.common-controls_6595b64144ccf1df_6.0.19041.844_none_ca00b6081b84eb1d\COMCTL32.dll
0x00007ff898780000 - 0x00007ff8987b0000 	C:\WINDOWS\System32\IMM32.DLL
0x0000000063b80000 - 0x0000000063c52000 	C:\Program Files\Android\Android Studio\jre\jre\bin\msvcr100.dll
0x0000000063c60000 - 0x00000000644ab000 	C:\Program Files\Android\Android Studio\jre\jre\bin\server\jvm.dll
0x00007ff899570000 - 0x00007ff899578000 	C:\WINDOWS\System32\PSAPI.DLL
0x00007ff88c120000 - 0x00007ff88c12a000 	C:\WINDOWS\SYSTEM32\VERSION.dll
0x00007ff88c890000 - 0x00007ff88c8b7000 	C:\WINDOWS\SYSTEM32\WINMM.dll
0x00007ff88d470000 - 0x00007ff88d479000 	C:\WINDOWS\SYSTEM32\WSOCK32.dll
0x00007ff899720000 - 0x00007ff89978b000 	C:\WINDOWS\System32\WS2_32.dll
0x00007ff892ea0000 - 0x00007ff892eaf000 	C:\Program Files\Android\Android Studio\jre\jre\bin\verify.dll
0x00007ff892690000 - 0x00007ff8926b9000 	C:\Program Files\Android\Android Studio\jre\jre\bin\java.dll
0x00007ff8924d0000 - 0x00007ff8924e6000 	C:\Program Files\Android\Android Studio\jre\jre\bin\zip.dll
0x00007ff898e10000 - 0x00007ff899552000 	C:\WINDOWS\System32\SHELL32.dll
0x00007ff895770000 - 0x00007ff895f01000 	C:\WINDOWS\SYSTEM32\windows.storage.dll
0x00007ff8982c0000 - 0x00007ff898615000 	C:\WINDOWS\System32\combase.dll
0x00007ff896fe0000 - 0x00007ff89700c000 	C:\WINDOWS\SYSTEM32\Wldp.dll
0x00007ff8986d0000 - 0x00007ff89877e000 	C:\WINDOWS\System32\SHCORE.dll
0x00007ff898180000 - 0x00007ff8981d5000 	C:\WINDOWS\System32\shlwapi.dll
0x00007ff8975f0000 - 0x00007ff89760f000 	C:\WINDOWS\SYSTEM32\profapi.dll
0x00007ff891e70000 - 0x00007ff891e8a000 	C:\Program Files\Android\Android Studio\jre\jre\bin\net.dll
0x00007ff896d60000 - 0x00007ff896dca000 	C:\WINDOWS\system32\mswsock.dll
0x00007ff87fe50000 - 0x00007ff87fe63000 	C:\Program Files\Android\Android Studio\jre\jre\bin\nio.dll
0x00007ff892800000 - 0x00007ff892826000 	C:\Users\DIMA\.gradle\native\31\windows-amd64\native-platform.dll
0x00007ff8929d0000 - 0x00007ff8929dd000 	C:\Program Files\Android\Android Studio\jre\jre\bin\management.dll
0x00007ff897310000 - 0x00007ff897328000 	C:\WINDOWS\SYSTEM32\CRYPTSP.dll
0x00007ff896720000 - 0x00007ff896754000 	C:\WINDOWS\system32\rsaenh.dll
0x00007ff897710000 - 0x00007ff897737000 	C:\WINDOWS\System32\bcrypt.dll
0x00007ff8975b0000 - 0x00007ff8975de000 	C:\WINDOWS\SYSTEM32\USERENV.dll
0x00007ff8979e0000 - 0x00007ff897a60000 	C:\WINDOWS\System32\bcryptprimitives.dll
0x00007ff896ee0000 - 0x00007ff896eec000 	C:\WINDOWS\SYSTEM32\CRYPTBASE.dll
0x00007ff896a70000 - 0x00007ff896aab000 	C:\WINDOWS\SYSTEM32\IPHLPAPI.DLL
0x00007ff899560000 - 0x00007ff899568000 	C:\WINDOWS\System32\NSI.dll
0x00007ff890b50000 - 0x00007ff890b67000 	C:\WINDOWS\SYSTEM32\dhcpcsvc6.DLL
0x00007ff890b30000 - 0x00007ff890b4d000 	C:\WINDOWS\SYSTEM32\dhcpcsvc.DLL
0x00007ff896ab0000 - 0x00007ff896b7c000 	C:\WINDOWS\SYSTEM32\DNSAPI.dll

VM Arguments:
jvm_args: -Xmx2048m -Dfile.encoding=windows-1252 -Duser.country=US -Duser.language=en -Duser.variant 
java_command: org.gradle.launcher.daemon.bootstrap.GradleDaemon 6.1.1
java_class_path (initial): C:\Users\DIMA\.gradle\wrapper\dists\gradle-6.1.1-all\cfmwm155h49vnt3hynmlrsdst\gradle-6.1.1\lib\gradle-launcher-6.1.1.jar
Launcher Type: SUN_STANDARD

Environment Variables:
PATH=C:\Program Files (x86)\VMware\VMware Workstation\bin\;C:\Program Files\Python39\Scripts\;C:\Program Files\Python39\;C:\Program Files\Java\jdk-13.0.2\bin;C:\ProgramData\Oracle\Java\javapath;C:\Oracle\Middleware\Oracle_FRHome1\bin;C:\oraclexe\app\oracle\product\11.2.0\server\bin;C:\oraclexe\app\oracle\product\11.2.0\server\bin;C:\WINDOWS\system32;C:\WINDOWS;C:\WINDOWS\System32\Wbem;C:\WINDOWS\System32\WindowsPowerShell\v1.0\;C:\WINDOWS\System32\OpenSSH\;C:\MinGW\bin;C:\Program Files (x86)\GnuWin32;C:\MAMP\bin\mysql\bin;C:\Oracle\Middleware\Oracle_FRHome1\opmn\bin;C:\Oracle\Middleware\Oracle_FRHome1\opmn\lib;C:\Oracle\Middleware\Oracle_FRHome1\perl\bin;C:\Program Files (x86)\BaseX\bin;C:\Program Files (x86)\QuickTime\QTSystem\;C:\Program Files\Git\cmd;C:\Program Files\Microsoft SQL Server\Client SDK\ODBC\170\Tools\Binn\;C:\Program Files (x86)\Microsoft SQL Server\150\Tools\Binn\;C:\Program Files\Microsoft SQL Server\150\Tools\Binn\;C:\Program Files\Microsoft SQL Server\150\DTS\Binn\;C:\Program Files (x86)\Microsoft SQL Server\150\DTS\Binn\;C:\Program Files\Azure Data Studio\bin;C:\Program Files\Microsoft SQL Server\130\Tools\Binn\;C:\Program Files (x86)\Microsoft SQL Server\110\DTS\Binn\;C:\Program Files (x86)\Microsoft SQL Server\120\DTS\Binn\;C:\Program Files (x86)\Microsoft SQL Server\130\DTS\Binn\;C:\Program Files (x86)\Microsoft SQL Server\140\DTS\Binn\;C:\Users\DIMA\AppData\Local\Microsoft\WindowsApps;C:\PHP;C:\Users\DIMA\Apache24;C:\ProgramData\DIMA\atom\bin;C:\Users\DIMA\AppData\Local\Microsoft\WindowsApps;C:\Program Files\CodeBlocks\MinGW\bin;;C:\Program Files\Azure Data Studio\bin
USERNAME=DIMA
LD_LIBRARY_PATH=C:\Oracle\Middleware\Oracle_FRHome1\lib
OS=Windows_NT
PROCESSOR_IDENTIFIER=Intel64 Family 6 Model 58 Stepping 9, GenuineIntel



---------------  S Y S T E M  ---------------

OS: Windows 10.0 , 64 bit Build 19041 (10.0.19041.928)

CPU:total 4 (initial active 4) (2 cores per cpu, 2 threads per core) family 6 model 58 stepping 9, cmov, cx8, fxsr, mmx, sse, sse2, sse3, ssse3, sse4.1, sse4.2, popcnt, avx, aes, clmul, erms, ht, tsc, tscinvbit, tscinv

Memory: 4k page, physical 4054508k(294360k free), swap 16637420k(6280k free)

vm_info: OpenJDK 64-Bit Server VM (25.242-b01) for windows-amd64 JRE (1.8.0_242-release-1644-b01), built by "builder" with MS VC++ 10.0 (VS2010)

time: Mon May 31 15:22:46 2021
timezone: Morocco Daylight Time
elapsed time: 68 seconds (0d 0h 1m 8s)

